C:\Users\bthne\source\repos\TicariOtomasyon\TicariOtomasyon\out\AdminLTE-3.0.4\build\config\postcss.config.js
C:\Users\bthne\source\repos\TicariOtomasyon\TicariOtomasyon\out\AdminLTE-3.0.4\build\config\rollup.config.js
C:\Users\bthne\source\repos\TicariOtomasyon\TicariOtomasyon\out\AdminLTE-3.0.4\build\js\ControlSidebar.js
C:\Users\bthne\source\repos\TicariOtomasyon\TicariOtomasyon\out\AdminLTE-3.0.4\build\js\Layout.js
C:\Users\bthne\source\repos\TicariOtomasyon\TicariOtomasyon\out\AdminLTE-3.0.4\build\js\PushMenu.js
C:\Users\bthne\source\repos\TicariOtomasyon\TicariOtomasyon\out\AdminLTE-3.0.4\build\js\Treeview.js
C:\Users\bthne\source\repos\TicariOtomasyon\TicariOtomasyon\out\AdminLTE-3.0.4\build\js\DirectChat.js
C:\Users\bthne\source\repos\TicariOtomasyon\TicariOtomasyon\out\AdminLTE-3.0.4\build\js\TodoList.js
C:\Users\bthne\source\repos\TicariOtomasyon\TicariOtomasyon\out\AdminLTE-3.0.4\build\js\CardWidget.js
C:\Users\bthne\source\repos\TicariOtomasyon\TicariOtomasyon\out\AdminLTE-3.0.4\build\js\CardRefresh.js
C:\Users\bthne\source\repos\TicariOtomasyon\TicariOtomasyon\out\AdminLTE-3.0.4\build\js\Dropdown.js
C:\Users\bthne\source\repos\TicariOtomasyon\TicariOtomasyon\out\AdminLTE-3.0.4\build\js\Toasts.js
C:\Users\bthne\source\repos\TicariOtomasyon\TicariOtomasyon\out\AdminLTE-3.0.4\build\js\AdminLTE.js
C:\Users\bthne\source\repos\TicariOtomasyon\TicariOtomasyon\out\AdminLTE-3.0.4\build\js\SiteSearch.js
C:\Users\bthne\source\repos\TicariOtomasyon\TicariOtomasyon\out\AdminLTE-3.0.4\build\npm\DocsPlugins.js
C:\Users\bthne\source\repos\TicariOtomasyon\TicariOtomasyon\out\AdminLTE-3.0.4\build\npm\DocsPublish.js
C:\Users\bthne\source\repos\TicariOtomasyon\TicariOtomasyon\out\AdminLTE-3.0.4\build\npm\Plugins.js
C:\Users\bthne\source\repos\TicariOtomasyon\TicariOtomasyon\out\AdminLTE-3.0.4\build\npm\Publish.js
C:\Users\bthne\source\repos\TicariOtomasyon\TicariOtomasyon\out\AdminLTE-3.0.4\dist\js\adminlte.js
C:\Users\bthne\source\repos\TicariOtomasyon\TicariOtomasyon\out\AdminLTE-3.0.4\dist\js\demo.js
C:\Users\bthne\source\repos\TicariOtomasyon\TicariOtomasyon\out\AdminLTE-3.0.4\dist\js\pages\dashboard.js
C:\Users\bthne\source\repos\TicariOtomasyon\TicariOtomasyon\out\AdminLTE-3.0.4\dist\js\pages\dashboard2.js
C:\Users\bthne\source\repos\TicariOtomasyon\TicariOtomasyon\out\AdminLTE-3.0.4\dist\js\pages\dashboard3.js
C:\Users\bthne\source\repos\TicariOtomasyon\TicariOtomasyon\out\AdminLTE-3.0.4\docs\assets\js\adminlte.js
C:\Users\bthne\source\repos\TicariOtomasyon\TicariOtomasyon\out\AdminLTE-3.0.4\docs\assets\js\demo.js
C:\Users\bthne\source\repos\TicariOtomasyon\TicariOtomasyon\out\AdminLTE-3.0.4\docs\assets\js\pages\dashboard.js
C:\Users\bthne\source\repos\TicariOtomasyon\TicariOtomasyon\out\AdminLTE-3.0.4\docs\assets\js\pages\dashboard2.js
C:\Users\bthne\source\repos\TicariOtomasyon\TicariOtomasyon\out\AdminLTE-3.0.4\docs\assets\js\pages\dashboard3.js
C:\Users\bthne\source\repos\TicariOtomasyon\TicariOtomasyon\out\AdminLTE-3.0.4\docs\assets\plugins\bootstrap\js\bootstrap.bundle.js
C:\Users\bthne\source\repos\TicariOtomasyon\TicariOtomasyon\out\AdminLTE-3.0.4\docs\assets\plugins\bootstrap\js\bootstrap.js
C:\Users\bthne\source\repos\TicariOtomasyon\TicariOtomasyon\out\AdminLTE-3.0.4\docs\assets\plugins\jquery\core.js
C:\Users\bthne\source\repos\TicariOtomasyon\TicariOtomasyon\out\AdminLTE-3.0.4\docs\assets\plugins\jquery\jquery.js
C:\Users\bthne\source\repos\TicariOtomasyon\TicariOtomasyon\out\AdminLTE-3.0.4\docs\assets\plugins\jquery\jquery.slim.js
C:\Users\bthne\source\repos\TicariOtomasyon\TicariOtomasyon\out\AdminLTE-3.0.4\docs\assets\plugins\overlayScrollbars\js\OverlayScrollbars.js
C:\Users\bthne\source\repos\TicariOtomasyon\TicariOtomasyon\out\AdminLTE-3.0.4\docs\assets\plugins\overlayScrollbars\js\jquery.overlayScrollbars.js
C:\Users\bthne\source\repos\TicariOtomasyon\TicariOtomasyon\out\AdminLTE-3.0.4\docs\assets\plugins\popper\popper-utils.js
C:\Users\bthne\source\repos\TicariOtomasyon\TicariOtomasyon\out\AdminLTE-3.0.4\docs\assets\plugins\popper\popper.js
C:\Users\bthne\source\repos\TicariOtomasyon\TicariOtomasyon\out\AdminLTE-3.0.4\docs\assets\plugins\popper\esm\popper-utils.js
C:\Users\bthne\source\repos\TicariOtomasyon\TicariOtomasyon\out\AdminLTE-3.0.4\docs\assets\plugins\popper\esm\popper.js
C:\Users\bthne\source\repos\TicariOtomasyon\TicariOtomasyon\out\AdminLTE-3.0.4\docs\assets\plugins\popper\umd\popper-utils.js
C:\Users\bthne\source\repos\TicariOtomasyon\TicariOtomasyon\out\AdminLTE-3.0.4\docs\assets\plugins\popper\umd\popper.js
C:\Users\bthne\source\repos\TicariOtomasyon\TicariOtomasyon\out\AdminLTE-3.0.4\plugins\bootstrap\js\bootstrap.bundle.js
C:\Users\bthne\source\repos\TicariOtomasyon\TicariOtomasyon\out\AdminLTE-3.0.4\plugins\bootstrap\js\bootstrap.js
C:\Users\bthne\source\repos\TicariOtomasyon\TicariOtomasyon\out\AdminLTE-3.0.4\plugins\bootstrap-colorpicker\js\bootstrap-colorpicker.js
C:\Users\bthne\source\repos\TicariOtomasyon\TicariOtomasyon\out\AdminLTE-3.0.4\plugins\bootstrap-slider\bootstrap-slider.js
C:\Users\bthne\source\repos\TicariOtomasyon\TicariOtomasyon\out\AdminLTE-3.0.4\plugins\bootstrap-switch\js\bootstrap-switch.js
C:\Users\bthne\source\repos\TicariOtomasyon\TicariOtomasyon\out\AdminLTE-3.0.4\plugins\bootstrap4-duallistbox\jquery.bootstrap-duallistbox.js
C:\Users\bthne\source\repos\TicariOtomasyon\TicariOtomasyon\out\AdminLTE-3.0.4\plugins\bs-custom-file-input\bs-custom-file-input.js
C:\Users\bthne\source\repos\TicariOtomasyon\TicariOtomasyon\out\AdminLTE-3.0.4\plugins\chart.js\Chart.bundle.js
C:\Users\bthne\source\repos\TicariOtomasyon\TicariOtomasyon\out\AdminLTE-3.0.4\plugins\chart.js\Chart.js
C:\Users\bthne\source\repos\TicariOtomasyon\TicariOtomasyon\out\AdminLTE-3.0.4\plugins\datatables\jquery.dataTables.js
C:\Users\bthne\source\repos\TicariOtomasyon\TicariOtomasyon\out\AdminLTE-3.0.4\plugins\datatables-autofill\js\autoFill.bootstrap4.js
C:\Users\bthne\source\repos\TicariOtomasyon\TicariOtomasyon\out\AdminLTE-3.0.4\plugins\datatables-autofill\js\dataTables.autoFill.js
C:\Users\bthne\source\repos\TicariOtomasyon\TicariOtomasyon\out\AdminLTE-3.0.4\plugins\datatables-bs4\js\dataTables.bootstrap4.js
C:\Users\bthne\source\repos\TicariOtomasyon\TicariOtomasyon\out\AdminLTE-3.0.4\plugins\datatables-buttons\js\buttons.bootstrap4.js
C:\Users\bthne\source\repos\TicariOtomasyon\TicariOtomasyon\out\AdminLTE-3.0.4\plugins\datatables-buttons\js\buttons.colVis.js
C:\Users\bthne\source\repos\TicariOtomasyon\TicariOtomasyon\out\AdminLTE-3.0.4\plugins\datatables-buttons\js\buttons.flash.js
C:\Users\bthne\source\repos\TicariOtomasyon\TicariOtomasyon\out\AdminLTE-3.0.4\plugins\datatables-buttons\js\buttons.html5.js
C:\Users\bthne\source\repos\TicariOtomasyon\TicariOtomasyon\out\AdminLTE-3.0.4\plugins\datatables-buttons\js\buttons.print.js
C:\Users\bthne\source\repos\TicariOtomasyon\TicariOtomasyon\out\AdminLTE-3.0.4\plugins\datatables-buttons\js\dataTables.buttons.js
C:\Users\bthne\source\repos\TicariOtomasyon\TicariOtomasyon\out\AdminLTE-3.0.4\plugins\datatables-colreorder\js\colReorder.bootstrap4.js
C:\Users\bthne\source\repos\TicariOtomasyon\TicariOtomasyon\out\AdminLTE-3.0.4\plugins\datatables-colreorder\js\dataTables.colReorder.js
C:\Users\bthne\source\repos\TicariOtomasyon\TicariOtomasyon\out\AdminLTE-3.0.4\plugins\datatables-fixedcolumns\js\dataTables.fixedColumns.js
C:\Users\bthne\source\repos\TicariOtomasyon\TicariOtomasyon\out\AdminLTE-3.0.4\plugins\datatables-fixedcolumns\js\fixedColumns.bootstrap4.js
C:\Users\bthne\source\repos\TicariOtomasyon\TicariOtomasyon\out\AdminLTE-3.0.4\plugins\datatables-fixedheader\js\dataTables.fixedHeader.js
C:\Users\bthne\source\repos\TicariOtomasyon\TicariOtomasyon\out\AdminLTE-3.0.4\plugins\datatables-fixedheader\js\fixedHeader.bootstrap4.js
C:\Users\bthne\source\repos\TicariOtomasyon\TicariOtomasyon\out\AdminLTE-3.0.4\plugins\datatables-keytable\js\dataTables.keyTable.js
C:\Users\bthne\source\repos\TicariOtomasyon\TicariOtomasyon\out\AdminLTE-3.0.4\plugins\datatables-keytable\js\keyTable.bootstrap4.js
C:\Users\bthne\source\repos\TicariOtomasyon\TicariOtomasyon\out\AdminLTE-3.0.4\plugins\datatables-responsive\js\dataTables.responsive.js
C:\Users\bthne\source\repos\TicariOtomasyon\TicariOtomasyon\out\AdminLTE-3.0.4\plugins\datatables-responsive\js\responsive.bootstrap4.js
C:\Users\bthne\source\repos\TicariOtomasyon\TicariOtomasyon\out\AdminLTE-3.0.4\plugins\datatables-rowgroup\js\dataTables.rowGroup.js
C:\Users\bthne\source\repos\TicariOtomasyon\TicariOtomasyon\out\AdminLTE-3.0.4\plugins\datatables-rowgroup\js\rowGroup.bootstrap4.js
C:\Users\bthne\source\repos\TicariOtomasyon\TicariOtomasyon\out\AdminLTE-3.0.4\plugins\datatables-rowreorder\js\dataTables.rowReorder.js
C:\Users\bthne\source\repos\TicariOtomasyon\TicariOtomasyon\out\AdminLTE-3.0.4\plugins\datatables-rowreorder\js\rowReorder.bootstrap4.js
C:\Users\bthne\source\repos\TicariOtomasyon\TicariOtomasyon\out\AdminLTE-3.0.4\plugins\datatables-scroller\js\dataTables.scroller.js
C:\Users\bthne\source\repos\TicariOtomasyon\TicariOtomasyon\out\AdminLTE-3.0.4\plugins\datatables-scroller\js\scroller.bootstrap4.js
C:\Users\bthne\source\repos\TicariOtomasyon\TicariOtomasyon\out\AdminLTE-3.0.4\plugins\datatables-select\js\dataTables.select.js
C:\Users\bthne\source\repos\TicariOtomasyon\TicariOtomasyon\out\AdminLTE-3.0.4\plugins\datatables-select\js\select.bootstrap4.js
C:\Users\bthne\source\repos\TicariOtomasyon\TicariOtomasyon\out\AdminLTE-3.0.4\plugins\daterangepicker\daterangepicker.js
C:\Users\bthne\source\repos\TicariOtomasyon\TicariOtomasyon\out\AdminLTE-3.0.4\plugins\daterangepicker\package.js
C:\Users\bthne\source\repos\TicariOtomasyon\TicariOtomasyon\out\AdminLTE-3.0.4\plugins\daterangepicker\website.js
C:\Users\bthne\source\repos\TicariOtomasyon\TicariOtomasyon\out\AdminLTE-3.0.4\plugins\daterangepicker\example\amd\main.js
C:\Users\bthne\source\repos\TicariOtomasyon\TicariOtomasyon\out\AdminLTE-3.0.4\plugins\daterangepicker\example\amd\require.js
C:\Users\bthne\source\repos\TicariOtomasyon\TicariOtomasyon\out\AdminLTE-3.0.4\plugins\daterangepicker\example\browserify\bundle.js
C:\Users\bthne\source\repos\TicariOtomasyon\TicariOtomasyon\out\AdminLTE-3.0.4\plugins\daterangepicker\example\browserify\main.js
C:\Users\bthne\source\repos\TicariOtomasyon\TicariOtomasyon\out\AdminLTE-3.0.4\plugins\daterangepicker\website\website.js
C:\Users\bthne\source\repos\TicariOtomasyon\TicariOtomasyon\out\AdminLTE-3.0.4\plugins\ekko-lightbox\ekko-lightbox.js
C:\Users\bthne\source\repos\TicariOtomasyon\TicariOtomasyon\out\AdminLTE-3.0.4\plugins\fastclick\fastclick.js
C:\Users\bthne\source\repos\TicariOtomasyon\TicariOtomasyon\out\AdminLTE-3.0.4\plugins\flot\jquery.flot.js
C:\Users\bthne\source\repos\TicariOtomasyon\TicariOtomasyon\out\AdminLTE-3.0.4\plugins\flot-old\excanvas.js
C:\Users\bthne\source\repos\TicariOtomasyon\TicariOtomasyon\out\AdminLTE-3.0.4\plugins\flot-old\jquery.colorhelpers.js
C:\Users\bthne\source\repos\TicariOtomasyon\TicariOtomasyon\out\AdminLTE-3.0.4\plugins\flot-old\jquery.flot.canvas.js
C:\Users\bthne\source\repos\TicariOtomasyon\TicariOtomasyon\out\AdminLTE-3.0.4\plugins\flot-old\jquery.flot.categories.js
C:\Users\bthne\source\repos\TicariOtomasyon\TicariOtomasyon\out\AdminLTE-3.0.4\plugins\flot-old\jquery.flot.crosshair.js
C:\Users\bthne\source\repos\TicariOtomasyon\TicariOtomasyon\out\AdminLTE-3.0.4\plugins\flot-old\jquery.flot.errorbars.js
C:\Users\bthne\source\repos\TicariOtomasyon\TicariOtomasyon\out\AdminLTE-3.0.4\plugins\flot-old\jquery.flot.fillbetween.js
C:\Users\bthne\source\repos\TicariOtomasyon\TicariOtomasyon\out\AdminLTE-3.0.4\plugins\flot-old\jquery.flot.image.js
C:\Users\bthne\source\repos\TicariOtomasyon\TicariOtomasyon\out\AdminLTE-3.0.4\plugins\flot-old\jquery.flot.js
C:\Users\bthne\source\repos\TicariOtomasyon\TicariOtomasyon\out\AdminLTE-3.0.4\plugins\flot-old\jquery.flot.navigate.js
C:\Users\bthne\source\repos\TicariOtomasyon\TicariOtomasyon\out\AdminLTE-3.0.4\plugins\flot-old\jquery.flot.pie.js
C:\Users\bthne\source\repos\TicariOtomasyon\TicariOtomasyon\out\AdminLTE-3.0.4\plugins\flot-old\jquery.flot.resize.js
C:\Users\bthne\source\repos\TicariOtomasyon\TicariOtomasyon\out\AdminLTE-3.0.4\plugins\flot-old\jquery.flot.selection.js
C:\Users\bthne\source\repos\TicariOtomasyon\TicariOtomasyon\out\AdminLTE-3.0.4\plugins\flot-old\jquery.flot.stack.js
C:\Users\bthne\source\repos\TicariOtomasyon\TicariOtomasyon\out\AdminLTE-3.0.4\plugins\flot-old\jquery.flot.symbol.js
C:\Users\bthne\source\repos\TicariOtomasyon\TicariOtomasyon\out\AdminLTE-3.0.4\plugins\flot-old\jquery.flot.threshold.js
C:\Users\bthne\source\repos\TicariOtomasyon\TicariOtomasyon\out\AdminLTE-3.0.4\plugins\flot-old\jquery.flot.time.js
C:\Users\bthne\source\repos\TicariOtomasyon\TicariOtomasyon\out\AdminLTE-3.0.4\plugins\fullcalendar\locales-all.js
C:\Users\bthne\source\repos\TicariOtomasyon\TicariOtomasyon\out\AdminLTE-3.0.4\plugins\fullcalendar\main.esm.js
C:\Users\bthne\source\repos\TicariOtomasyon\TicariOtomasyon\out\AdminLTE-3.0.4\plugins\fullcalendar\main.js
C:\Users\bthne\source\repos\TicariOtomasyon\TicariOtomasyon\out\AdminLTE-3.0.4\plugins\fullcalendar\locales\af.js
C:\Users\bthne\source\repos\TicariOtomasyon\TicariOtomasyon\out\AdminLTE-3.0.4\plugins\fullcalendar\locales\ar-dz.js
C:\Users\bthne\source\repos\TicariOtomasyon\TicariOtomasyon\out\AdminLTE-3.0.4\plugins\fullcalendar\locales\ar-kw.js
C:\Users\bthne\source\repos\TicariOtomasyon\TicariOtomasyon\out\AdminLTE-3.0.4\plugins\fullcalendar\locales\ar-ly.js
C:\Users\bthne\source\repos\TicariOtomasyon\TicariOtomasyon\out\AdminLTE-3.0.4\plugins\fullcalendar\locales\ar-ma.js
C:\Users\bthne\source\repos\TicariOtomasyon\TicariOtomasyon\out\AdminLTE-3.0.4\plugins\fullcalendar\locales\ar-sa.js
C:\Users\bthne\source\repos\TicariOtomasyon\TicariOtomasyon\out\AdminLTE-3.0.4\plugins\fullcalendar\locales\ar-tn.js
C:\Users\bthne\source\repos\TicariOtomasyon\TicariOtomasyon\out\AdminLTE-3.0.4\plugins\fullcalendar\locales\ar.js
C:\Users\bthne\source\repos\TicariOtomasyon\TicariOtomasyon\out\AdminLTE-3.0.4\plugins\fullcalendar\locales\az.js
C:\Users\bthne\source\repos\TicariOtomasyon\TicariOtomasyon\out\AdminLTE-3.0.4\plugins\fullcalendar\locales\bg.js
C:\Users\bthne\source\repos\TicariOtomasyon\TicariOtomasyon\out\AdminLTE-3.0.4\plugins\fullcalendar\locales\bs.js
C:\Users\bthne\source\repos\TicariOtomasyon\TicariOtomasyon\out\AdminLTE-3.0.4\plugins\fullcalendar\locales\ca.js
C:\Users\bthne\source\repos\TicariOtomasyon\TicariOtomasyon\out\AdminLTE-3.0.4\plugins\fullcalendar\locales\cs.js
C:\Users\bthne\source\repos\TicariOtomasyon\TicariOtomasyon\out\AdminLTE-3.0.4\plugins\fullcalendar\locales\da.js
C:\Users\bthne\source\repos\TicariOtomasyon\TicariOtomasyon\out\AdminLTE-3.0.4\plugins\fullcalendar\locales\de.js
C:\Users\bthne\source\repos\TicariOtomasyon\TicariOtomasyon\out\AdminLTE-3.0.4\plugins\fullcalendar\locales\el.js
C:\Users\bthne\source\repos\TicariOtomasyon\TicariOtomasyon\out\AdminLTE-3.0.4\plugins\fullcalendar\locales\en-au.js
C:\Users\bthne\source\repos\TicariOtomasyon\TicariOtomasyon\out\AdminLTE-3.0.4\plugins\fullcalendar\locales\en-gb.js
C:\Users\bthne\source\repos\TicariOtomasyon\TicariOtomasyon\out\AdminLTE-3.0.4\plugins\fullcalendar\locales\en-nz.js
C:\Users\bthne\source\repos\TicariOtomasyon\TicariOtomasyon\out\AdminLTE-3.0.4\plugins\fullcalendar\locales\es-us.js
C:\Users\bthne\source\repos\TicariOtomasyon\TicariOtomasyon\out\AdminLTE-3.0.4\plugins\fullcalendar\locales\es.js
C:\Users\bthne\source\repos\TicariOtomasyon\TicariOtomasyon\out\AdminLTE-3.0.4\plugins\fullcalendar\locales\et.js
C:\Users\bthne\source\repos\TicariOtomasyon\TicariOtomasyon\out\AdminLTE-3.0.4\plugins\fullcalendar\locales\eu.js
C:\Users\bthne\source\repos\TicariOtomasyon\TicariOtomasyon\out\AdminLTE-3.0.4\plugins\fullcalendar\locales\fa.js
C:\Users\bthne\source\repos\TicariOtomasyon\TicariOtomasyon\out\AdminLTE-3.0.4\plugins\fullcalendar\locales\fi.js
C:\Users\bthne\source\repos\TicariOtomasyon\TicariOtomasyon\out\AdminLTE-3.0.4\plugins\fullcalendar\locales\fr-ca.js
C:\Users\bthne\source\repos\TicariOtomasyon\TicariOtomasyon\out\AdminLTE-3.0.4\plugins\fullcalendar\locales\fr-ch.js
C:\Users\bthne\source\repos\TicariOtomasyon\TicariOtomasyon\out\AdminLTE-3.0.4\plugins\fullcalendar\locales\fr.js
C:\Users\bthne\source\repos\TicariOtomasyon\TicariOtomasyon\out\AdminLTE-3.0.4\plugins\fullcalendar\locales\gl.js
C:\Users\bthne\source\repos\TicariOtomasyon\TicariOtomasyon\out\AdminLTE-3.0.4\plugins\fullcalendar\locales\he.js
C:\Users\bthne\source\repos\TicariOtomasyon\TicariOtomasyon\out\AdminLTE-3.0.4\plugins\fullcalendar\locales\hi.js
C:\Users\bthne\source\repos\TicariOtomasyon\TicariOtomasyon\out\AdminLTE-3.0.4\plugins\fullcalendar\locales\hr.js
C:\Users\bthne\source\repos\TicariOtomasyon\TicariOtomasyon\out\AdminLTE-3.0.4\plugins\fullcalendar\locales\hu.js
C:\Users\bthne\source\repos\TicariOtomasyon\TicariOtomasyon\out\AdminLTE-3.0.4\plugins\fullcalendar\locales\id.js
C:\Users\bthne\source\repos\TicariOtomasyon\TicariOtomasyon\out\AdminLTE-3.0.4\plugins\fullcalendar\locales\is.js
C:\Users\bthne\source\repos\TicariOtomasyon\TicariOtomasyon\out\AdminLTE-3.0.4\plugins\fullcalendar\locales\it.js
C:\Users\bthne\source\repos\TicariOtomasyon\TicariOtomasyon\out\AdminLTE-3.0.4\plugins\fullcalendar\locales\ja.js
C:\Users\bthne\source\repos\TicariOtomasyon\TicariOtomasyon\out\AdminLTE-3.0.4\plugins\fullcalendar\locales\ka.js
C:\Users\bthne\source\repos\TicariOtomasyon\TicariOtomasyon\out\AdminLTE-3.0.4\plugins\fullcalendar\locales\kk.js
C:\Users\bthne\source\repos\TicariOtomasyon\TicariOtomasyon\out\AdminLTE-3.0.4\plugins\fullcalendar\locales\ko.js
C:\Users\bthne\source\repos\TicariOtomasyon\TicariOtomasyon\out\AdminLTE-3.0.4\plugins\fullcalendar\locales\lb.js
C:\Users\bthne\source\repos\TicariOtomasyon\TicariOtomasyon\out\AdminLTE-3.0.4\plugins\fullcalendar\locales\lt.js
C:\Users\bthne\source\repos\TicariOtomasyon\TicariOtomasyon\out\AdminLTE-3.0.4\plugins\fullcalendar\locales\lv.js
C:\Users\bthne\source\repos\TicariOtomasyon\TicariOtomasyon\out\AdminLTE-3.0.4\plugins\fullcalendar\locales\mk.js
C:\Users\bthne\source\repos\TicariOtomasyon\TicariOtomasyon\out\AdminLTE-3.0.4\plugins\fullcalendar\locales\ms.js
C:\Users\bthne\source\repos\TicariOtomasyon\TicariOtomasyon\out\AdminLTE-3.0.4\plugins\fullcalendar\locales\nb.js
C:\Users\bthne\source\repos\TicariOtomasyon\TicariOtomasyon\out\AdminLTE-3.0.4\plugins\fullcalendar\locales\nl.js
C:\Users\bthne\source\repos\TicariOtomasyon\TicariOtomasyon\out\AdminLTE-3.0.4\plugins\fullcalendar\locales\nn.js
C:\Users\bthne\source\repos\TicariOtomasyon\TicariOtomasyon\out\AdminLTE-3.0.4\plugins\fullcalendar\locales\pl.js
C:\Users\bthne\source\repos\TicariOtomasyon\TicariOtomasyon\out\AdminLTE-3.0.4\plugins\fullcalendar\locales\pt-br.js
C:\Users\bthne\source\repos\TicariOtomasyon\TicariOtomasyon\out\AdminLTE-3.0.4\plugins\fullcalendar\locales\pt.js
C:\Users\bthne\source\repos\TicariOtomasyon\TicariOtomasyon\out\AdminLTE-3.0.4\plugins\fullcalendar\locales\ro.js
C:\Users\bthne\source\repos\TicariOtomasyon\TicariOtomasyon\out\AdminLTE-3.0.4\plugins\fullcalendar\locales\ru.js
C:\Users\bthne\source\repos\TicariOtomasyon\TicariOtomasyon\out\AdminLTE-3.0.4\plugins\fullcalendar\locales\sk.js
C:\Users\bthne\source\repos\TicariOtomasyon\TicariOtomasyon\out\AdminLTE-3.0.4\plugins\fullcalendar\locales\sl.js
C:\Users\bthne\source\repos\TicariOtomasyon\TicariOtomasyon\out\AdminLTE-3.0.4\plugins\fullcalendar\locales\sq.js
C:\Users\bthne\source\repos\TicariOtomasyon\TicariOtomasyon\out\AdminLTE-3.0.4\plugins\fullcalendar\locales\sr-cyrl.js
C:\Users\bthne\source\repos\TicariOtomasyon\TicariOtomasyon\out\AdminLTE-3.0.4\plugins\fullcalendar\locales\sr.js
C:\Users\bthne\source\repos\TicariOtomasyon\TicariOtomasyon\out\AdminLTE-3.0.4\plugins\fullcalendar\locales\sv.js
C:\Users\bthne\source\repos\TicariOtomasyon\TicariOtomasyon\out\AdminLTE-3.0.4\plugins\fullcalendar\locales\th.js
C:\Users\bthne\source\repos\TicariOtomasyon\TicariOtomasyon\out\AdminLTE-3.0.4\plugins\fullcalendar\locales\tr.js
C:\Users\bthne\source\repos\TicariOtomasyon\TicariOtomasyon\out\AdminLTE-3.0.4\plugins\fullcalendar\locales\ug.js
C:\Users\bthne\source\repos\TicariOtomasyon\TicariOtomasyon\out\AdminLTE-3.0.4\plugins\fullcalendar\locales\uk.js
C:\Users\bthne\source\repos\TicariOtomasyon\TicariOtomasyon\out\AdminLTE-3.0.4\plugins\fullcalendar\locales\uz.js
C:\Users\bthne\source\repos\TicariOtomasyon\TicariOtomasyon\out\AdminLTE-3.0.4\plugins\fullcalendar\locales\vi.js
C:\Users\bthne\source\repos\TicariOtomasyon\TicariOtomasyon\out\AdminLTE-3.0.4\plugins\fullcalendar\locales\zh-cn.js
C:\Users\bthne\source\repos\TicariOtomasyon\TicariOtomasyon\out\AdminLTE-3.0.4\plugins\fullcalendar\locales\zh-tw.js
C:\Users\bthne\source\repos\TicariOtomasyon\TicariOtomasyon\out\AdminLTE-3.0.4\plugins\fullcalendar-bootstrap\main.esm.js
C:\Users\bthne\source\repos\TicariOtomasyon\TicariOtomasyon\out\AdminLTE-3.0.4\plugins\fullcalendar-bootstrap\main.js
C:\Users\bthne\source\repos\TicariOtomasyon\TicariOtomasyon\out\AdminLTE-3.0.4\plugins\fullcalendar-daygrid\main.esm.js
C:\Users\bthne\source\repos\TicariOtomasyon\TicariOtomasyon\out\AdminLTE-3.0.4\plugins\fullcalendar-daygrid\main.js
C:\Users\bthne\source\repos\TicariOtomasyon\TicariOtomasyon\out\AdminLTE-3.0.4\plugins\fullcalendar-interaction\main.esm.js
C:\Users\bthne\source\repos\TicariOtomasyon\TicariOtomasyon\out\AdminLTE-3.0.4\plugins\fullcalendar-interaction\main.js
C:\Users\bthne\source\repos\TicariOtomasyon\TicariOtomasyon\out\AdminLTE-3.0.4\plugins\fullcalendar-timegrid\main.esm.js
C:\Users\bthne\source\repos\TicariOtomasyon\TicariOtomasyon\out\AdminLTE-3.0.4\plugins\fullcalendar-timegrid\main.js
C:\Users\bthne\source\repos\TicariOtomasyon\TicariOtomasyon\out\AdminLTE-3.0.4\plugins\inputmask\inputmask.js
C:\Users\bthne\source\repos\TicariOtomasyon\TicariOtomasyon\out\AdminLTE-3.0.4\plugins\inputmask\jquery.inputmask.bundle.js
C:\Users\bthne\source\repos\TicariOtomasyon\TicariOtomasyon\out\AdminLTE-3.0.4\plugins\inputmask\jquery.inputmask.js
C:\Users\bthne\source\repos\TicariOtomasyon\TicariOtomasyon\out\AdminLTE-3.0.4\plugins\inputmask\bindings\inputmask.binding.js
C:\Users\bthne\source\repos\TicariOtomasyon\TicariOtomasyon\out\AdminLTE-3.0.4\plugins\inputmask\inputmask\global\window.js
C:\Users\bthne\source\repos\TicariOtomasyon\TicariOtomasyon\out\AdminLTE-3.0.4\plugins\inputmask\inputmask\dependencyLibs\inputmask.dependencyLib.js
C:\Users\bthne\source\repos\TicariOtomasyon\TicariOtomasyon\out\AdminLTE-3.0.4\plugins\inputmask\inputmask\inputmask.js
C:\Users\bthne\source\repos\TicariOtomasyon\TicariOtomasyon\out\AdminLTE-3.0.4\plugins\inputmask\inputmask\inputmask.date.extensions.js
C:\Users\bthne\source\repos\TicariOtomasyon\TicariOtomasyon\out\AdminLTE-3.0.4\plugins\inputmask\inputmask\inputmask.extensions.js
C:\Users\bthne\source\repos\TicariOtomasyon\TicariOtomasyon\out\AdminLTE-3.0.4\plugins\inputmask\inputmask\inputmask.numeric.extensions.js
C:\Users\bthne\source\repos\TicariOtomasyon\TicariOtomasyon\out\AdminLTE-3.0.4\plugins\inputmask\inputmask\jquery.inputmask.js
C:\Users\bthne\source\repos\TicariOtomasyon\TicariOtomasyon\out\AdminLTE-3.0.4\plugins\inputmask\inputmask\bindings\inputmask.binding.js
C:\Users\bthne\source\repos\TicariOtomasyon\TicariOtomasyon\out\AdminLTE-3.0.4\plugins\inputmask\inputmask\dependencyLibs\inputmask.dependencyLib.jqlite.js
C:\Users\bthne\source\repos\TicariOtomasyon\TicariOtomasyon\out\AdminLTE-3.0.4\plugins\inputmask\inputmask\dependencyLibs\inputmask.dependencyLib.jquery.js
C:\Users\bthne\source\repos\TicariOtomasyon\TicariOtomasyon\out\AdminLTE-3.0.4\plugins\ion-rangeslider\js\ion.rangeSlider.js
C:\Users\bthne\source\repos\TicariOtomasyon\TicariOtomasyon\out\AdminLTE-3.0.4\plugins\jquery\core.js
C:\Users\bthne\source\repos\TicariOtomasyon\TicariOtomasyon\out\AdminLTE-3.0.4\plugins\jquery\jquery.js
C:\Users\bthne\source\repos\TicariOtomasyon\TicariOtomasyon\out\AdminLTE-3.0.4\plugins\jquery\jquery.slim.js
C:\Users\bthne\source\repos\TicariOtomasyon\TicariOtomasyon\out\AdminLTE-3.0.4\plugins\jquery-mapael\jquery.mapael.js
C:\Users\bthne\source\repos\TicariOtomasyon\TicariOtomasyon\out\AdminLTE-3.0.4\plugins\jquery-mapael\maps\france_departments.js
C:\Users\bthne\source\repos\TicariOtomasyon\TicariOtomasyon\out\AdminLTE-3.0.4\plugins\jquery-mapael\maps\usa_states.js
C:\Users\bthne\source\repos\TicariOtomasyon\TicariOtomasyon\out\AdminLTE-3.0.4\plugins\jquery-mapael\maps\world_countries.js
C:\Users\bthne\source\repos\TicariOtomasyon\TicariOtomasyon\out\AdminLTE-3.0.4\plugins\jquery-mapael\maps\world_countries_mercator.js
C:\Users\bthne\source\repos\TicariOtomasyon\TicariOtomasyon\out\AdminLTE-3.0.4\plugins\jquery-mapael\maps\world_countries_miller.js
C:\Users\bthne\source\repos\TicariOtomasyon\TicariOtomasyon\out\AdminLTE-3.0.4\plugins\jquery-mousewheel\jquery.mousewheel.js
C:\Users\bthne\source\repos\TicariOtomasyon\TicariOtomasyon\out\AdminLTE-3.0.4\plugins\jquery-ui\jquery-ui.js
C:\Users\bthne\source\repos\TicariOtomasyon\TicariOtomasyon\out\AdminLTE-3.0.4\plugins\jquery-ui\external\jquery\jquery.js
C:\Users\bthne\source\repos\TicariOtomasyon\TicariOtomasyon\out\AdminLTE-3.0.4\plugins\jquery-validation\additional-methods.js
C:\Users\bthne\source\repos\TicariOtomasyon\TicariOtomasyon\out\AdminLTE-3.0.4\plugins\jquery-validation\jquery.validate.js
C:\Users\bthne\source\repos\TicariOtomasyon\TicariOtomasyon\out\AdminLTE-3.0.4\plugins\jquery-validation\localization\messages_ar.js
C:\Users\bthne\source\repos\TicariOtomasyon\TicariOtomasyon\out\AdminLTE-3.0.4\plugins\jquery-validation\localization\messages_az.js
C:\Users\bthne\source\repos\TicariOtomasyon\TicariOtomasyon\out\AdminLTE-3.0.4\plugins\jquery-validation\localization\messages_bg.js
C:\Users\bthne\source\repos\TicariOtomasyon\TicariOtomasyon\out\AdminLTE-3.0.4\plugins\jquery-validation\localization\messages_bn_BD.js
C:\Users\bthne\source\repos\TicariOtomasyon\TicariOtomasyon\out\AdminLTE-3.0.4\plugins\jquery-validation\localization\messages_ca.js
C:\Users\bthne\source\repos\TicariOtomasyon\TicariOtomasyon\out\AdminLTE-3.0.4\plugins\jquery-validation\localization\messages_cs.js
C:\Users\bthne\source\repos\TicariOtomasyon\TicariOtomasyon\out\AdminLTE-3.0.4\plugins\jquery-validation\localization\messages_da.js
C:\Users\bthne\source\repos\TicariOtomasyon\TicariOtomasyon\out\AdminLTE-3.0.4\plugins\jquery-validation\localization\messages_de.js
C:\Users\bthne\source\repos\TicariOtomasyon\TicariOtomasyon\out\AdminLTE-3.0.4\plugins\jquery-validation\localization\messages_el.js
C:\Users\bthne\source\repos\TicariOtomasyon\TicariOtomasyon\out\AdminLTE-3.0.4\plugins\jquery-validation\localization\messages_es.js
C:\Users\bthne\source\repos\TicariOtomasyon\TicariOtomasyon\out\AdminLTE-3.0.4\plugins\jquery-validation\localization\messages_es_AR.js
C:\Users\bthne\source\repos\TicariOtomasyon\TicariOtomasyon\out\AdminLTE-3.0.4\plugins\jquery-validation\localization\messages_es_PE.js
C:\Users\bthne\source\repos\TicariOtomasyon\TicariOtomasyon\out\AdminLTE-3.0.4\plugins\jquery-validation\localization\messages_et.js
C:\Users\bthne\source\repos\TicariOtomasyon\TicariOtomasyon\out\AdminLTE-3.0.4\plugins\jquery-validation\localization\messages_eu.js
C:\Users\bthne\source\repos\TicariOtomasyon\TicariOtomasyon\out\AdminLTE-3.0.4\plugins\jquery-validation\localization\messages_fa.js
C:\Users\bthne\source\repos\TicariOtomasyon\TicariOtomasyon\out\AdminLTE-3.0.4\plugins\jquery-validation\localization\messages_fi.js
C:\Users\bthne\source\repos\TicariOtomasyon\TicariOtomasyon\out\AdminLTE-3.0.4\plugins\jquery-validation\localization\messages_fr.js
C:\Users\bthne\source\repos\TicariOtomasyon\TicariOtomasyon\out\AdminLTE-3.0.4\plugins\jquery-validation\localization\messages_ge.js
C:\Users\bthne\source\repos\TicariOtomasyon\TicariOtomasyon\out\AdminLTE-3.0.4\plugins\jquery-validation\localization\messages_gl.js
C:\Users\bthne\source\repos\TicariOtomasyon\TicariOtomasyon\out\AdminLTE-3.0.4\plugins\jquery-validation\localization\messages_he.js
C:\Users\bthne\source\repos\TicariOtomasyon\TicariOtomasyon\out\AdminLTE-3.0.4\plugins\jquery-validation\localization\messages_hr.js
C:\Users\bthne\source\repos\TicariOtomasyon\TicariOtomasyon\out\AdminLTE-3.0.4\plugins\jquery-validation\localization\messages_hu.js
C:\Users\bthne\source\repos\TicariOtomasyon\TicariOtomasyon\out\AdminLTE-3.0.4\plugins\jquery-validation\localization\messages_hy_AM.js
C:\Users\bthne\source\repos\TicariOtomasyon\TicariOtomasyon\out\AdminLTE-3.0.4\plugins\jquery-validation\localization\messages_id.js
C:\Users\bthne\source\repos\TicariOtomasyon\TicariOtomasyon\out\AdminLTE-3.0.4\plugins\jquery-validation\localization\messages_is.js
C:\Users\bthne\source\repos\TicariOtomasyon\TicariOtomasyon\out\AdminLTE-3.0.4\plugins\jquery-validation\localization\messages_it.js
C:\Users\bthne\source\repos\TicariOtomasyon\TicariOtomasyon\out\AdminLTE-3.0.4\plugins\jquery-validation\localization\messages_ja.js
C:\Users\bthne\source\repos\TicariOtomasyon\TicariOtomasyon\out\AdminLTE-3.0.4\plugins\jquery-validation\localization\messages_ka.js
C:\Users\bthne\source\repos\TicariOtomasyon\TicariOtomasyon\out\AdminLTE-3.0.4\plugins\jquery-validation\localization\messages_kk.js
C:\Users\bthne\source\repos\TicariOtomasyon\TicariOtomasyon\out\AdminLTE-3.0.4\plugins\jquery-validation\localization\messages_ko.js
C:\Users\bthne\source\repos\TicariOtomasyon\TicariOtomasyon\out\AdminLTE-3.0.4\plugins\jquery-validation\localization\messages_lt.js
C:\Users\bthne\source\repos\TicariOtomasyon\TicariOtomasyon\out\AdminLTE-3.0.4\plugins\jquery-validation\localization\messages_lv.js
C:\Users\bthne\source\repos\TicariOtomasyon\TicariOtomasyon\out\AdminLTE-3.0.4\plugins\jquery-validation\localization\messages_mk.js
C:\Users\bthne\source\repos\TicariOtomasyon\TicariOtomasyon\out\AdminLTE-3.0.4\plugins\jquery-validation\localization\messages_my.js
C:\Users\bthne\source\repos\TicariOtomasyon\TicariOtomasyon\out\AdminLTE-3.0.4\plugins\jquery-validation\localization\messages_nl.js
C:\Users\bthne\source\repos\TicariOtomasyon\TicariOtomasyon\out\AdminLTE-3.0.4\plugins\jquery-validation\localization\messages_no.js
C:\Users\bthne\source\repos\TicariOtomasyon\TicariOtomasyon\out\AdminLTE-3.0.4\plugins\jquery-validation\localization\messages_pl.js
C:\Users\bthne\source\repos\TicariOtomasyon\TicariOtomasyon\out\AdminLTE-3.0.4\plugins\jquery-validation\localization\messages_pt_BR.js
C:\Users\bthne\source\repos\TicariOtomasyon\TicariOtomasyon\out\AdminLTE-3.0.4\plugins\jquery-validation\localization\messages_pt_PT.js
C:\Users\bthne\source\repos\TicariOtomasyon\TicariOtomasyon\out\AdminLTE-3.0.4\plugins\jquery-validation\localization\messages_ro.js
C:\Users\bthne\source\repos\TicariOtomasyon\TicariOtomasyon\out\AdminLTE-3.0.4\plugins\jquery-validation\localization\messages_ru.js
C:\Users\bthne\source\repos\TicariOtomasyon\TicariOtomasyon\out\AdminLTE-3.0.4\plugins\jquery-validation\localization\messages_sd.js
C:\Users\bthne\source\repos\TicariOtomasyon\TicariOtomasyon\out\AdminLTE-3.0.4\plugins\jquery-validation\localization\messages_si.js
C:\Users\bthne\source\repos\TicariOtomasyon\TicariOtomasyon\out\AdminLTE-3.0.4\plugins\jquery-validation\localization\messages_sk.js
C:\Users\bthne\source\repos\TicariOtomasyon\TicariOtomasyon\out\AdminLTE-3.0.4\plugins\jquery-validation\localization\messages_sl.js
C:\Users\bthne\source\repos\TicariOtomasyon\TicariOtomasyon\out\AdminLTE-3.0.4\plugins\jquery-validation\localization\messages_sr.js
C:\Users\bthne\source\repos\TicariOtomasyon\TicariOtomasyon\out\AdminLTE-3.0.4\plugins\jquery-validation\localization\messages_sr_lat.js
C:\Users\bthne\source\repos\TicariOtomasyon\TicariOtomasyon\out\AdminLTE-3.0.4\plugins\jquery-validation\localization\messages_sv.js
C:\Users\bthne\source\repos\TicariOtomasyon\TicariOtomasyon\out\AdminLTE-3.0.4\plugins\jquery-validation\localization\messages_th.js
C:\Users\bthne\source\repos\TicariOtomasyon\TicariOtomasyon\out\AdminLTE-3.0.4\plugins\jquery-validation\localization\messages_tj.js
C:\Users\bthne\source\repos\TicariOtomasyon\TicariOtomasyon\out\AdminLTE-3.0.4\plugins\jquery-validation\localization\messages_tr.js
C:\Users\bthne\source\repos\TicariOtomasyon\TicariOtomasyon\out\AdminLTE-3.0.4\plugins\jquery-validation\localization\messages_uk.js
C:\Users\bthne\source\repos\TicariOtomasyon\TicariOtomasyon\out\AdminLTE-3.0.4\plugins\jquery-validation\localization\messages_ur.js
C:\Users\bthne\source\repos\TicariOtomasyon\TicariOtomasyon\out\AdminLTE-3.0.4\plugins\jquery-validation\localization\messages_vi.js
C:\Users\bthne\source\repos\TicariOtomasyon\TicariOtomasyon\out\AdminLTE-3.0.4\plugins\jquery-validation\localization\messages_zh.js
C:\Users\bthne\source\repos\TicariOtomasyon\TicariOtomasyon\out\AdminLTE-3.0.4\plugins\jquery-validation\localization\messages_zh_TW.js
C:\Users\bthne\source\repos\TicariOtomasyon\TicariOtomasyon\out\AdminLTE-3.0.4\plugins\jquery-validation\localization\methods_de.js
C:\Users\bthne\source\repos\TicariOtomasyon\TicariOtomasyon\out\AdminLTE-3.0.4\plugins\jquery-validation\localization\methods_es_CL.js
C:\Users\bthne\source\repos\TicariOtomasyon\TicariOtomasyon\out\AdminLTE-3.0.4\plugins\jquery-validation\localization\methods_fi.js
C:\Users\bthne\source\repos\TicariOtomasyon\TicariOtomasyon\out\AdminLTE-3.0.4\plugins\jquery-validation\localization\methods_it.js
C:\Users\bthne\source\repos\TicariOtomasyon\TicariOtomasyon\out\AdminLTE-3.0.4\plugins\jquery-validation\localization\methods_nl.js
C:\Users\bthne\source\repos\TicariOtomasyon\TicariOtomasyon\out\AdminLTE-3.0.4\plugins\jquery-validation\localization\methods_pt.js
C:\Users\bthne\source\repos\TicariOtomasyon\TicariOtomasyon\out\AdminLTE-3.0.4\plugins\jqvmap\jquery.vmap.js
C:\Users\bthne\source\repos\TicariOtomasyon\TicariOtomasyon\out\AdminLTE-3.0.4\plugins\jqvmap\maps\jquery.vmap.algeria.js
C:\Users\bthne\source\repos\TicariOtomasyon\TicariOtomasyon\out\AdminLTE-3.0.4\plugins\jqvmap\maps\jquery.vmap.argentina.js
C:\Users\bthne\source\repos\TicariOtomasyon\TicariOtomasyon\out\AdminLTE-3.0.4\plugins\jqvmap\maps\jquery.vmap.brazil.js
C:\Users\bthne\source\repos\TicariOtomasyon\TicariOtomasyon\out\AdminLTE-3.0.4\plugins\jqvmap\maps\jquery.vmap.canada.js
C:\Users\bthne\source\repos\TicariOtomasyon\TicariOtomasyon\out\AdminLTE-3.0.4\plugins\jqvmap\maps\jquery.vmap.croatia.js
C:\Users\bthne\source\repos\TicariOtomasyon\TicariOtomasyon\out\AdminLTE-3.0.4\plugins\jqvmap\maps\jquery.vmap.europe.js
C:\Users\bthne\source\repos\TicariOtomasyon\TicariOtomasyon\out\AdminLTE-3.0.4\plugins\jqvmap\maps\jquery.vmap.france.js
C:\Users\bthne\source\repos\TicariOtomasyon\TicariOtomasyon\out\AdminLTE-3.0.4\plugins\jqvmap\maps\jquery.vmap.germany.js
C:\Users\bthne\source\repos\TicariOtomasyon\TicariOtomasyon\out\AdminLTE-3.0.4\plugins\jqvmap\maps\jquery.vmap.greece.js
C:\Users\bthne\source\repos\TicariOtomasyon\TicariOtomasyon\out\AdminLTE-3.0.4\plugins\jqvmap\maps\jquery.vmap.indonesia.js
C:\Users\bthne\source\repos\TicariOtomasyon\TicariOtomasyon\out\AdminLTE-3.0.4\plugins\jqvmap\maps\jquery.vmap.iran.js
C:\Users\bthne\source\repos\TicariOtomasyon\TicariOtomasyon\out\AdminLTE-3.0.4\plugins\jqvmap\maps\jquery.vmap.iraq.js
C:\Users\bthne\source\repos\TicariOtomasyon\TicariOtomasyon\out\AdminLTE-3.0.4\plugins\jqvmap\maps\jquery.vmap.new_regions_france.js
C:\Users\bthne\source\repos\TicariOtomasyon\TicariOtomasyon\out\AdminLTE-3.0.4\plugins\jqvmap\maps\jquery.vmap.russia.js
C:\Users\bthne\source\repos\TicariOtomasyon\TicariOtomasyon\out\AdminLTE-3.0.4\plugins\jqvmap\maps\jquery.vmap.serbia.js
C:\Users\bthne\source\repos\TicariOtomasyon\TicariOtomasyon\out\AdminLTE-3.0.4\plugins\jqvmap\maps\jquery.vmap.tunisia.js
C:\Users\bthne\source\repos\TicariOtomasyon\TicariOtomasyon\out\AdminLTE-3.0.4\plugins\jqvmap\maps\jquery.vmap.turkey.js
C:\Users\bthne\source\repos\TicariOtomasyon\TicariOtomasyon\out\AdminLTE-3.0.4\plugins\jqvmap\maps\jquery.vmap.ukraine.js
C:\Users\bthne\source\repos\TicariOtomasyon\TicariOtomasyon\out\AdminLTE-3.0.4\plugins\jqvmap\maps\jquery.vmap.usa.counties.js
C:\Users\bthne\source\repos\TicariOtomasyon\TicariOtomasyon\out\AdminLTE-3.0.4\plugins\jqvmap\maps\jquery.vmap.usa.districts.js
C:\Users\bthne\source\repos\TicariOtomasyon\TicariOtomasyon\out\AdminLTE-3.0.4\plugins\jqvmap\maps\jquery.vmap.usa.js
C:\Users\bthne\source\repos\TicariOtomasyon\TicariOtomasyon\out\AdminLTE-3.0.4\plugins\jqvmap\maps\jquery.vmap.world.js
C:\Users\bthne\source\repos\TicariOtomasyon\TicariOtomasyon\out\AdminLTE-3.0.4\plugins\jqvmap\maps\continents\jquery.vmap.africa.js
C:\Users\bthne\source\repos\TicariOtomasyon\TicariOtomasyon\out\AdminLTE-3.0.4\plugins\jqvmap\maps\continents\jquery.vmap.asia.js
C:\Users\bthne\source\repos\TicariOtomasyon\TicariOtomasyon\out\AdminLTE-3.0.4\plugins\jqvmap\maps\continents\jquery.vmap.australia.js
C:\Users\bthne\source\repos\TicariOtomasyon\TicariOtomasyon\out\AdminLTE-3.0.4\plugins\jqvmap\maps\continents\jquery.vmap.europe.js
C:\Users\bthne\source\repos\TicariOtomasyon\TicariOtomasyon\out\AdminLTE-3.0.4\plugins\jqvmap\maps\continents\jquery.vmap.north-america.js
C:\Users\bthne\source\repos\TicariOtomasyon\TicariOtomasyon\out\AdminLTE-3.0.4\plugins\jqvmap\maps\continents\jquery.vmap.south-america.js
C:\Users\bthne\source\repos\TicariOtomasyon\TicariOtomasyon\out\AdminLTE-3.0.4\plugins\jsgrid\jsgrid.js
C:\Users\bthne\source\repos\TicariOtomasyon\TicariOtomasyon\out\AdminLTE-3.0.4\plugins\jsgrid\demos\db.js
C:\Users\bthne\source\repos\TicariOtomasyon\TicariOtomasyon\out\AdminLTE-3.0.4\plugins\jsgrid\i18n\jsgrid-de.js
C:\Users\bthne\source\repos\TicariOtomasyon\TicariOtomasyon\out\AdminLTE-3.0.4\plugins\jsgrid\i18n\jsgrid-es.js
C:\Users\bthne\source\repos\TicariOtomasyon\TicariOtomasyon\out\AdminLTE-3.0.4\plugins\jsgrid\i18n\jsgrid-fr.js
C:\Users\bthne\source\repos\TicariOtomasyon\TicariOtomasyon\out\AdminLTE-3.0.4\plugins\jsgrid\i18n\jsgrid-he.js
C:\Users\bthne\source\repos\TicariOtomasyon\TicariOtomasyon\out\AdminLTE-3.0.4\plugins\jsgrid\i18n\jsgrid-ja.js
C:\Users\bthne\source\repos\TicariOtomasyon\TicariOtomasyon\out\AdminLTE-3.0.4\plugins\jsgrid\i18n\jsgrid-ka.js
C:\Users\bthne\source\repos\TicariOtomasyon\TicariOtomasyon\out\AdminLTE-3.0.4\plugins\jsgrid\i18n\jsgrid-pl.js
C:\Users\bthne\source\repos\TicariOtomasyon\TicariOtomasyon\out\AdminLTE-3.0.4\plugins\jsgrid\i18n\jsgrid-pt-br.js
C:\Users\bthne\source\repos\TicariOtomasyon\TicariOtomasyon\out\AdminLTE-3.0.4\plugins\jsgrid\i18n\jsgrid-pt.js
C:\Users\bthne\source\repos\TicariOtomasyon\TicariOtomasyon\out\AdminLTE-3.0.4\plugins\jsgrid\i18n\jsgrid-ru.js
C:\Users\bthne\source\repos\TicariOtomasyon\TicariOtomasyon\out\AdminLTE-3.0.4\plugins\jsgrid\i18n\jsgrid-tr.js
C:\Users\bthne\source\repos\TicariOtomasyon\TicariOtomasyon\out\AdminLTE-3.0.4\plugins\jsgrid\i18n\jsgrid-zh-cn.js
C:\Users\bthne\source\repos\TicariOtomasyon\TicariOtomasyon\out\AdminLTE-3.0.4\plugins\jsgrid\i18n\jsgrid-zh-tw.js
C:\Users\bthne\source\repos\TicariOtomasyon\TicariOtomasyon\out\AdminLTE-3.0.4\plugins\jszip\jszip.js
C:\Users\bthne\source\repos\TicariOtomasyon\TicariOtomasyon\out\AdminLTE-3.0.4\plugins\moment\locales.js
C:\Users\bthne\source\repos\TicariOtomasyon\TicariOtomasyon\out\AdminLTE-3.0.4\plugins\moment\moment-with-locales.js
C:\Users\bthne\source\repos\TicariOtomasyon\TicariOtomasyon\out\AdminLTE-3.0.4\plugins\moment\locale\af.js
C:\Users\bthne\source\repos\TicariOtomasyon\TicariOtomasyon\out\AdminLTE-3.0.4\plugins\moment\locale\ar-dz.js
C:\Users\bthne\source\repos\TicariOtomasyon\TicariOtomasyon\out\AdminLTE-3.0.4\plugins\moment\locale\ar-kw.js
C:\Users\bthne\source\repos\TicariOtomasyon\TicariOtomasyon\out\AdminLTE-3.0.4\plugins\moment\locale\ar-ly.js
C:\Users\bthne\source\repos\TicariOtomasyon\TicariOtomasyon\out\AdminLTE-3.0.4\plugins\moment\locale\ar-ma.js
C:\Users\bthne\source\repos\TicariOtomasyon\TicariOtomasyon\out\AdminLTE-3.0.4\plugins\moment\locale\ar-sa.js
C:\Users\bthne\source\repos\TicariOtomasyon\TicariOtomasyon\out\AdminLTE-3.0.4\plugins\moment\locale\ar-tn.js
C:\Users\bthne\source\repos\TicariOtomasyon\TicariOtomasyon\out\AdminLTE-3.0.4\plugins\moment\locale\ar.js
C:\Users\bthne\source\repos\TicariOtomasyon\TicariOtomasyon\out\AdminLTE-3.0.4\plugins\moment\locale\az.js
C:\Users\bthne\source\repos\TicariOtomasyon\TicariOtomasyon\out\AdminLTE-3.0.4\plugins\moment\locale\be.js
C:\Users\bthne\source\repos\TicariOtomasyon\TicariOtomasyon\out\AdminLTE-3.0.4\plugins\moment\locale\bg.js
C:\Users\bthne\source\repos\TicariOtomasyon\TicariOtomasyon\out\AdminLTE-3.0.4\plugins\moment\locale\bm.js
C:\Users\bthne\source\repos\TicariOtomasyon\TicariOtomasyon\out\AdminLTE-3.0.4\plugins\moment\locale\bn.js
C:\Users\bthne\source\repos\TicariOtomasyon\TicariOtomasyon\out\AdminLTE-3.0.4\plugins\moment\locale\bo.js
C:\Users\bthne\source\repos\TicariOtomasyon\TicariOtomasyon\out\AdminLTE-3.0.4\plugins\moment\locale\br.js
C:\Users\bthne\source\repos\TicariOtomasyon\TicariOtomasyon\out\AdminLTE-3.0.4\plugins\moment\locale\bs.js
C:\Users\bthne\source\repos\TicariOtomasyon\TicariOtomasyon\out\AdminLTE-3.0.4\plugins\moment\locale\ca.js
C:\Users\bthne\source\repos\TicariOtomasyon\TicariOtomasyon\out\AdminLTE-3.0.4\plugins\moment\locale\cs.js
C:\Users\bthne\source\repos\TicariOtomasyon\TicariOtomasyon\out\AdminLTE-3.0.4\plugins\moment\locale\cv.js
C:\Users\bthne\source\repos\TicariOtomasyon\TicariOtomasyon\out\AdminLTE-3.0.4\plugins\moment\locale\cy.js
C:\Users\bthne\source\repos\TicariOtomasyon\TicariOtomasyon\out\AdminLTE-3.0.4\plugins\moment\locale\da.js
C:\Users\bthne\source\repos\TicariOtomasyon\TicariOtomasyon\out\AdminLTE-3.0.4\plugins\moment\locale\de-at.js
C:\Users\bthne\source\repos\TicariOtomasyon\TicariOtomasyon\out\AdminLTE-3.0.4\plugins\moment\locale\de-ch.js
C:\Users\bthne\source\repos\TicariOtomasyon\TicariOtomasyon\out\AdminLTE-3.0.4\plugins\moment\locale\de.js
C:\Users\bthne\source\repos\TicariOtomasyon\TicariOtomasyon\out\AdminLTE-3.0.4\plugins\moment\locale\dv.js
C:\Users\bthne\source\repos\TicariOtomasyon\TicariOtomasyon\out\AdminLTE-3.0.4\plugins\moment\locale\el.js
C:\Users\bthne\source\repos\TicariOtomasyon\TicariOtomasyon\out\AdminLTE-3.0.4\plugins\moment\locale\en-SG.js
C:\Users\bthne\source\repos\TicariOtomasyon\TicariOtomasyon\out\AdminLTE-3.0.4\plugins\moment\locale\en-au.js
C:\Users\bthne\source\repos\TicariOtomasyon\TicariOtomasyon\out\AdminLTE-3.0.4\plugins\moment\locale\en-ca.js
C:\Users\bthne\source\repos\TicariOtomasyon\TicariOtomasyon\out\AdminLTE-3.0.4\plugins\moment\locale\en-gb.js
C:\Users\bthne\source\repos\TicariOtomasyon\TicariOtomasyon\out\AdminLTE-3.0.4\plugins\moment\locale\en-ie.js
C:\Users\bthne\source\repos\TicariOtomasyon\TicariOtomasyon\out\AdminLTE-3.0.4\plugins\moment\locale\en-il.js
C:\Users\bthne\source\repos\TicariOtomasyon\TicariOtomasyon\out\AdminLTE-3.0.4\plugins\moment\locale\en-nz.js
C:\Users\bthne\source\repos\TicariOtomasyon\TicariOtomasyon\out\AdminLTE-3.0.4\plugins\moment\locale\eo.js
C:\Users\bthne\source\repos\TicariOtomasyon\TicariOtomasyon\out\AdminLTE-3.0.4\plugins\moment\locale\es-do.js
C:\Users\bthne\source\repos\TicariOtomasyon\TicariOtomasyon\out\AdminLTE-3.0.4\plugins\moment\locale\es-us.js
C:\Users\bthne\source\repos\TicariOtomasyon\TicariOtomasyon\out\AdminLTE-3.0.4\plugins\moment\locale\es.js
C:\Users\bthne\source\repos\TicariOtomasyon\TicariOtomasyon\out\AdminLTE-3.0.4\plugins\moment\locale\et.js
C:\Users\bthne\source\repos\TicariOtomasyon\TicariOtomasyon\out\AdminLTE-3.0.4\plugins\moment\locale\eu.js
C:\Users\bthne\source\repos\TicariOtomasyon\TicariOtomasyon\out\AdminLTE-3.0.4\plugins\moment\locale\fa.js
C:\Users\bthne\source\repos\TicariOtomasyon\TicariOtomasyon\out\AdminLTE-3.0.4\plugins\moment\locale\fi.js
C:\Users\bthne\source\repos\TicariOtomasyon\TicariOtomasyon\out\AdminLTE-3.0.4\plugins\moment\locale\fo.js
C:\Users\bthne\source\repos\TicariOtomasyon\TicariOtomasyon\out\AdminLTE-3.0.4\plugins\moment\locale\fr-ca.js
C:\Users\bthne\source\repos\TicariOtomasyon\TicariOtomasyon\out\AdminLTE-3.0.4\plugins\moment\locale\fr-ch.js
C:\Users\bthne\source\repos\TicariOtomasyon\TicariOtomasyon\out\AdminLTE-3.0.4\plugins\moment\locale\fr.js
C:\Users\bthne\source\repos\TicariOtomasyon\TicariOtomasyon\out\AdminLTE-3.0.4\plugins\moment\locale\fy.js
C:\Users\bthne\source\repos\TicariOtomasyon\TicariOtomasyon\out\AdminLTE-3.0.4\plugins\moment\locale\ga.js
C:\Users\bthne\source\repos\TicariOtomasyon\TicariOtomasyon\out\AdminLTE-3.0.4\plugins\moment\locale\gd.js
C:\Users\bthne\source\repos\TicariOtomasyon\TicariOtomasyon\out\AdminLTE-3.0.4\plugins\moment\locale\gl.js
C:\Users\bthne\source\repos\TicariOtomasyon\TicariOtomasyon\out\AdminLTE-3.0.4\plugins\moment\locale\gom-latn.js
C:\Users\bthne\source\repos\TicariOtomasyon\TicariOtomasyon\out\AdminLTE-3.0.4\plugins\moment\locale\gu.js
C:\Users\bthne\source\repos\TicariOtomasyon\TicariOtomasyon\out\AdminLTE-3.0.4\plugins\moment\locale\he.js
C:\Users\bthne\source\repos\TicariOtomasyon\TicariOtomasyon\out\AdminLTE-3.0.4\plugins\moment\locale\hi.js
C:\Users\bthne\source\repos\TicariOtomasyon\TicariOtomasyon\out\AdminLTE-3.0.4\plugins\moment\locale\hr.js
C:\Users\bthne\source\repos\TicariOtomasyon\TicariOtomasyon\out\AdminLTE-3.0.4\plugins\moment\locale\hu.js
C:\Users\bthne\source\repos\TicariOtomasyon\TicariOtomasyon\out\AdminLTE-3.0.4\plugins\moment\locale\hy-am.js
C:\Users\bthne\source\repos\TicariOtomasyon\TicariOtomasyon\out\AdminLTE-3.0.4\plugins\moment\locale\id.js
C:\Users\bthne\source\repos\TicariOtomasyon\TicariOtomasyon\out\AdminLTE-3.0.4\plugins\moment\locale\is.js
C:\Users\bthne\source\repos\TicariOtomasyon\TicariOtomasyon\out\AdminLTE-3.0.4\plugins\moment\locale\it-ch.js
C:\Users\bthne\source\repos\TicariOtomasyon\TicariOtomasyon\out\AdminLTE-3.0.4\plugins\moment\locale\it.js
C:\Users\bthne\source\repos\TicariOtomasyon\TicariOtomasyon\out\AdminLTE-3.0.4\plugins\moment\locale\ja.js
C:\Users\bthne\source\repos\TicariOtomasyon\TicariOtomasyon\out\AdminLTE-3.0.4\plugins\moment\locale\jv.js
C:\Users\bthne\source\repos\TicariOtomasyon\TicariOtomasyon\out\AdminLTE-3.0.4\plugins\moment\locale\ka.js
C:\Users\bthne\source\repos\TicariOtomasyon\TicariOtomasyon\out\AdminLTE-3.0.4\plugins\moment\locale\kk.js
C:\Users\bthne\source\repos\TicariOtomasyon\TicariOtomasyon\out\AdminLTE-3.0.4\plugins\moment\locale\km.js
C:\Users\bthne\source\repos\TicariOtomasyon\TicariOtomasyon\out\AdminLTE-3.0.4\plugins\moment\locale\kn.js
C:\Users\bthne\source\repos\TicariOtomasyon\TicariOtomasyon\out\AdminLTE-3.0.4\plugins\moment\locale\ko.js
C:\Users\bthne\source\repos\TicariOtomasyon\TicariOtomasyon\out\AdminLTE-3.0.4\plugins\moment\locale\ku.js
C:\Users\bthne\source\repos\TicariOtomasyon\TicariOtomasyon\out\AdminLTE-3.0.4\plugins\moment\locale\ky.js
C:\Users\bthne\source\repos\TicariOtomasyon\TicariOtomasyon\out\AdminLTE-3.0.4\plugins\moment\locale\lb.js
C:\Users\bthne\source\repos\TicariOtomasyon\TicariOtomasyon\out\AdminLTE-3.0.4\plugins\moment\locale\lo.js
C:\Users\bthne\source\repos\TicariOtomasyon\TicariOtomasyon\out\AdminLTE-3.0.4\plugins\moment\locale\lt.js
C:\Users\bthne\source\repos\TicariOtomasyon\TicariOtomasyon\out\AdminLTE-3.0.4\plugins\moment\locale\lv.js
C:\Users\bthne\source\repos\TicariOtomasyon\TicariOtomasyon\out\AdminLTE-3.0.4\plugins\moment\locale\me.js
C:\Users\bthne\source\repos\TicariOtomasyon\TicariOtomasyon\out\AdminLTE-3.0.4\plugins\moment\locale\mi.js
C:\Users\bthne\source\repos\TicariOtomasyon\TicariOtomasyon\out\AdminLTE-3.0.4\plugins\moment\locale\mk.js
C:\Users\bthne\source\repos\TicariOtomasyon\TicariOtomasyon\out\AdminLTE-3.0.4\plugins\moment\locale\ml.js
C:\Users\bthne\source\repos\TicariOtomasyon\TicariOtomasyon\out\AdminLTE-3.0.4\plugins\moment\locale\mn.js
C:\Users\bthne\source\repos\TicariOtomasyon\TicariOtomasyon\out\AdminLTE-3.0.4\plugins\moment\locale\mr.js
C:\Users\bthne\source\repos\TicariOtomasyon\TicariOtomasyon\out\AdminLTE-3.0.4\plugins\moment\locale\ms-my.js
C:\Users\bthne\source\repos\TicariOtomasyon\TicariOtomasyon\out\AdminLTE-3.0.4\plugins\moment\locale\ms.js
C:\Users\bthne\source\repos\TicariOtomasyon\TicariOtomasyon\out\AdminLTE-3.0.4\plugins\moment\locale\mt.js
C:\Users\bthne\source\repos\TicariOtomasyon\TicariOtomasyon\out\AdminLTE-3.0.4\plugins\moment\locale\my.js
C:\Users\bthne\source\repos\TicariOtomasyon\TicariOtomasyon\out\AdminLTE-3.0.4\plugins\moment\locale\nb.js
C:\Users\bthne\source\repos\TicariOtomasyon\TicariOtomasyon\out\AdminLTE-3.0.4\plugins\moment\locale\ne.js
C:\Users\bthne\source\repos\TicariOtomasyon\TicariOtomasyon\out\AdminLTE-3.0.4\plugins\moment\locale\nl-be.js
C:\Users\bthne\source\repos\TicariOtomasyon\TicariOtomasyon\out\AdminLTE-3.0.4\plugins\moment\locale\nl.js
C:\Users\bthne\source\repos\TicariOtomasyon\TicariOtomasyon\out\AdminLTE-3.0.4\plugins\moment\locale\nn.js
C:\Users\bthne\source\repos\TicariOtomasyon\TicariOtomasyon\out\AdminLTE-3.0.4\plugins\moment\locale\pa-in.js
C:\Users\bthne\source\repos\TicariOtomasyon\TicariOtomasyon\out\AdminLTE-3.0.4\plugins\moment\locale\pl.js
C:\Users\bthne\source\repos\TicariOtomasyon\TicariOtomasyon\out\AdminLTE-3.0.4\plugins\moment\locale\pt-br.js
C:\Users\bthne\source\repos\TicariOtomasyon\TicariOtomasyon\out\AdminLTE-3.0.4\plugins\moment\locale\pt.js
C:\Users\bthne\source\repos\TicariOtomasyon\TicariOtomasyon\out\AdminLTE-3.0.4\plugins\moment\locale\ro.js
C:\Users\bthne\source\repos\TicariOtomasyon\TicariOtomasyon\out\AdminLTE-3.0.4\plugins\moment\locale\ru.js
C:\Users\bthne\source\repos\TicariOtomasyon\TicariOtomasyon\out\AdminLTE-3.0.4\plugins\moment\locale\sd.js
C:\Users\bthne\source\repos\TicariOtomasyon\TicariOtomasyon\out\AdminLTE-3.0.4\plugins\moment\locale\se.js
C:\Users\bthne\source\repos\TicariOtomasyon\TicariOtomasyon\out\AdminLTE-3.0.4\plugins\moment\locale\si.js
C:\Users\bthne\source\repos\TicariOtomasyon\TicariOtomasyon\out\AdminLTE-3.0.4\plugins\moment\locale\sk.js
C:\Users\bthne\source\repos\TicariOtomasyon\TicariOtomasyon\out\AdminLTE-3.0.4\plugins\moment\locale\sl.js
C:\Users\bthne\source\repos\TicariOtomasyon\TicariOtomasyon\out\AdminLTE-3.0.4\plugins\moment\locale\sq.js
C:\Users\bthne\source\repos\TicariOtomasyon\TicariOtomasyon\out\AdminLTE-3.0.4\plugins\moment\locale\sr-cyrl.js
C:\Users\bthne\source\repos\TicariOtomasyon\TicariOtomasyon\out\AdminLTE-3.0.4\plugins\moment\locale\sr.js
C:\Users\bthne\source\repos\TicariOtomasyon\TicariOtomasyon\out\AdminLTE-3.0.4\plugins\moment\locale\ss.js
C:\Users\bthne\source\repos\TicariOtomasyon\TicariOtomasyon\out\AdminLTE-3.0.4\plugins\moment\locale\sv.js
C:\Users\bthne\source\repos\TicariOtomasyon\TicariOtomasyon\out\AdminLTE-3.0.4\plugins\moment\locale\sw.js
C:\Users\bthne\source\repos\TicariOtomasyon\TicariOtomasyon\out\AdminLTE-3.0.4\plugins\moment\locale\ta.js
C:\Users\bthne\source\repos\TicariOtomasyon\TicariOtomasyon\out\AdminLTE-3.0.4\plugins\moment\locale\te.js
C:\Users\bthne\source\repos\TicariOtomasyon\TicariOtomasyon\out\AdminLTE-3.0.4\plugins\moment\locale\tet.js
C:\Users\bthne\source\repos\TicariOtomasyon\TicariOtomasyon\out\AdminLTE-3.0.4\plugins\moment\locale\tg.js
C:\Users\bthne\source\repos\TicariOtomasyon\TicariOtomasyon\out\AdminLTE-3.0.4\plugins\moment\locale\th.js
C:\Users\bthne\source\repos\TicariOtomasyon\TicariOtomasyon\out\AdminLTE-3.0.4\plugins\moment\locale\tl-ph.js
C:\Users\bthne\source\repos\TicariOtomasyon\TicariOtomasyon\out\AdminLTE-3.0.4\plugins\moment\locale\tlh.js
C:\Users\bthne\source\repos\TicariOtomasyon\TicariOtomasyon\out\AdminLTE-3.0.4\plugins\moment\locale\tr.js
C:\Users\bthne\source\repos\TicariOtomasyon\TicariOtomasyon\out\AdminLTE-3.0.4\plugins\moment\locale\tzl.js
C:\Users\bthne\source\repos\TicariOtomasyon\TicariOtomasyon\out\AdminLTE-3.0.4\plugins\moment\locale\tzm-latn.js
C:\Users\bthne\source\repos\TicariOtomasyon\TicariOtomasyon\out\AdminLTE-3.0.4\plugins\moment\locale\tzm.js
C:\Users\bthne\source\repos\TicariOtomasyon\TicariOtomasyon\out\AdminLTE-3.0.4\plugins\moment\locale\ug-cn.js
C:\Users\bthne\source\repos\TicariOtomasyon\TicariOtomasyon\out\AdminLTE-3.0.4\plugins\moment\locale\uk.js
C:\Users\bthne\source\repos\TicariOtomasyon\TicariOtomasyon\out\AdminLTE-3.0.4\plugins\moment\locale\ur.js
C:\Users\bthne\source\repos\TicariOtomasyon\TicariOtomasyon\out\AdminLTE-3.0.4\plugins\moment\locale\uz-latn.js
C:\Users\bthne\source\repos\TicariOtomasyon\TicariOtomasyon\out\AdminLTE-3.0.4\plugins\moment\locale\uz.js
C:\Users\bthne\source\repos\TicariOtomasyon\TicariOtomasyon\out\AdminLTE-3.0.4\plugins\moment\locale\vi.js
C:\Users\bthne\source\repos\TicariOtomasyon\TicariOtomasyon\out\AdminLTE-3.0.4\plugins\moment\locale\x-pseudo.js
C:\Users\bthne\source\repos\TicariOtomasyon\TicariOtomasyon\out\AdminLTE-3.0.4\plugins\moment\locale\yo.js
C:\Users\bthne\source\repos\TicariOtomasyon\TicariOtomasyon\out\AdminLTE-3.0.4\plugins\moment\locale\zh-cn.js
C:\Users\bthne\source\repos\TicariOtomasyon\TicariOtomasyon\out\AdminLTE-3.0.4\plugins\moment\locale\zh-hk.js
C:\Users\bthne\source\repos\TicariOtomasyon\TicariOtomasyon\out\AdminLTE-3.0.4\plugins\moment\locale\zh-tw.js
C:\Users\bthne\source\repos\TicariOtomasyon\TicariOtomasyon\out\AdminLTE-3.0.4\plugins\overlayScrollbars\js\OverlayScrollbars.js
C:\Users\bthne\source\repos\TicariOtomasyon\TicariOtomasyon\out\AdminLTE-3.0.4\plugins\overlayScrollbars\js\jquery.overlayScrollbars.js
C:\Users\bthne\source\repos\TicariOtomasyon\TicariOtomasyon\out\AdminLTE-3.0.4\plugins\pace-progress\pace.js
C:\Users\bthne\source\repos\TicariOtomasyon\TicariOtomasyon\out\AdminLTE-3.0.4\plugins\pdfmake\pdfmake.js
C:\Users\bthne\source\repos\TicariOtomasyon\TicariOtomasyon\out\AdminLTE-3.0.4\plugins\pdfmake\vfs_fonts.js
C:\Users\bthne\source\repos\TicariOtomasyon\TicariOtomasyon\out\AdminLTE-3.0.4\plugins\popper\popper-utils.js
C:\Users\bthne\source\repos\TicariOtomasyon\TicariOtomasyon\out\AdminLTE-3.0.4\plugins\popper\popper.js
C:\Users\bthne\source\repos\TicariOtomasyon\TicariOtomasyon\out\AdminLTE-3.0.4\plugins\popper\esm\popper-utils.js
C:\Users\bthne\source\repos\TicariOtomasyon\TicariOtomasyon\out\AdminLTE-3.0.4\plugins\popper\esm\popper.js
C:\Users\bthne\source\repos\TicariOtomasyon\TicariOtomasyon\out\AdminLTE-3.0.4\plugins\popper\umd\popper-utils.js
C:\Users\bthne\source\repos\TicariOtomasyon\TicariOtomasyon\out\AdminLTE-3.0.4\plugins\popper\umd\popper.js
C:\Users\bthne\source\repos\TicariOtomasyon\TicariOtomasyon\out\AdminLTE-3.0.4\plugins\raphael\Gruntfile.js
C:\Users\bthne\source\repos\TicariOtomasyon\TicariOtomasyon\out\AdminLTE-3.0.4\plugins\raphael\raphael.js
C:\Users\bthne\source\repos\TicariOtomasyon\TicariOtomasyon\out\AdminLTE-3.0.4\plugins\raphael\raphael.no-deps.js
C:\Users\bthne\source\repos\TicariOtomasyon\TicariOtomasyon\out\AdminLTE-3.0.4\plugins\raphael\webpack.config.js
C:\Users\bthne\source\repos\TicariOtomasyon\TicariOtomasyon\out\AdminLTE-3.0.4\plugins\raphael\dev\raphael.amd.js
C:\Users\bthne\source\repos\TicariOtomasyon\TicariOtomasyon\out\AdminLTE-3.0.4\plugins\raphael\dev\raphael.core.js
C:\Users\bthne\source\repos\TicariOtomasyon\TicariOtomasyon\out\AdminLTE-3.0.4\plugins\raphael\dev\raphael.svg.js
C:\Users\bthne\source\repos\TicariOtomasyon\TicariOtomasyon\out\AdminLTE-3.0.4\plugins\raphael\dev\raphael.vml.js
C:\Users\bthne\source\repos\TicariOtomasyon\TicariOtomasyon\out\AdminLTE-3.0.4\plugins\raphael\dev\test\svg\dom.js
C:\Users\bthne\source\repos\TicariOtomasyon\TicariOtomasyon\out\AdminLTE-3.0.4\plugins\raphael\dev\test\vml\dom.js
C:\Users\bthne\source\repos\TicariOtomasyon\TicariOtomasyon\out\AdminLTE-3.0.4\plugins\select2\js\select2.full.js
C:\Users\bthne\source\repos\TicariOtomasyon\TicariOtomasyon\out\AdminLTE-3.0.4\plugins\select2\js\select2.js
C:\Users\bthne\source\repos\TicariOtomasyon\TicariOtomasyon\out\AdminLTE-3.0.4\plugins\select2\js\i18n\af.js
C:\Users\bthne\source\repos\TicariOtomasyon\TicariOtomasyon\out\AdminLTE-3.0.4\plugins\select2\js\i18n\ar.js
C:\Users\bthne\source\repos\TicariOtomasyon\TicariOtomasyon\out\AdminLTE-3.0.4\plugins\select2\js\i18n\az.js
C:\Users\bthne\source\repos\TicariOtomasyon\TicariOtomasyon\out\AdminLTE-3.0.4\plugins\select2\js\i18n\bg.js
C:\Users\bthne\source\repos\TicariOtomasyon\TicariOtomasyon\out\AdminLTE-3.0.4\plugins\select2\js\i18n\bn.js
C:\Users\bthne\source\repos\TicariOtomasyon\TicariOtomasyon\out\AdminLTE-3.0.4\plugins\select2\js\i18n\bs.js
C:\Users\bthne\source\repos\TicariOtomasyon\TicariOtomasyon\out\AdminLTE-3.0.4\plugins\select2\js\i18n\ca.js
C:\Users\bthne\source\repos\TicariOtomasyon\TicariOtomasyon\out\AdminLTE-3.0.4\plugins\select2\js\i18n\cs.js
C:\Users\bthne\source\repos\TicariOtomasyon\TicariOtomasyon\out\AdminLTE-3.0.4\plugins\select2\js\i18n\da.js
C:\Users\bthne\source\repos\TicariOtomasyon\TicariOtomasyon\out\AdminLTE-3.0.4\plugins\select2\js\i18n\de.js
C:\Users\bthne\source\repos\TicariOtomasyon\TicariOtomasyon\out\AdminLTE-3.0.4\plugins\select2\js\i18n\dsb.js
C:\Users\bthne\source\repos\TicariOtomasyon\TicariOtomasyon\out\AdminLTE-3.0.4\plugins\select2\js\i18n\el.js
C:\Users\bthne\source\repos\TicariOtomasyon\TicariOtomasyon\out\AdminLTE-3.0.4\plugins\select2\js\i18n\en.js
C:\Users\bthne\source\repos\TicariOtomasyon\TicariOtomasyon\out\AdminLTE-3.0.4\plugins\select2\js\i18n\es.js
C:\Users\bthne\source\repos\TicariOtomasyon\TicariOtomasyon\out\AdminLTE-3.0.4\plugins\select2\js\i18n\et.js
C:\Users\bthne\source\repos\TicariOtomasyon\TicariOtomasyon\out\AdminLTE-3.0.4\plugins\select2\js\i18n\eu.js
C:\Users\bthne\source\repos\TicariOtomasyon\TicariOtomasyon\out\AdminLTE-3.0.4\plugins\select2\js\i18n\fa.js
C:\Users\bthne\source\repos\TicariOtomasyon\TicariOtomasyon\out\AdminLTE-3.0.4\plugins\select2\js\i18n\fi.js
C:\Users\bthne\source\repos\TicariOtomasyon\TicariOtomasyon\out\AdminLTE-3.0.4\plugins\select2\js\i18n\fr.js
C:\Users\bthne\source\repos\TicariOtomasyon\TicariOtomasyon\out\AdminLTE-3.0.4\plugins\select2\js\i18n\gl.js
C:\Users\bthne\source\repos\TicariOtomasyon\TicariOtomasyon\out\AdminLTE-3.0.4\plugins\select2\js\i18n\he.js
C:\Users\bthne\source\repos\TicariOtomasyon\TicariOtomasyon\out\AdminLTE-3.0.4\plugins\select2\js\i18n\hi.js
C:\Users\bthne\source\repos\TicariOtomasyon\TicariOtomasyon\out\AdminLTE-3.0.4\plugins\select2\js\i18n\hr.js
C:\Users\bthne\source\repos\TicariOtomasyon\TicariOtomasyon\out\AdminLTE-3.0.4\plugins\select2\js\i18n\hsb.js
C:\Users\bthne\source\repos\TicariOtomasyon\TicariOtomasyon\out\AdminLTE-3.0.4\plugins\select2\js\i18n\hu.js
C:\Users\bthne\source\repos\TicariOtomasyon\TicariOtomasyon\out\AdminLTE-3.0.4\plugins\select2\js\i18n\hy.js
C:\Users\bthne\source\repos\TicariOtomasyon\TicariOtomasyon\out\AdminLTE-3.0.4\plugins\select2\js\i18n\id.js
C:\Users\bthne\source\repos\TicariOtomasyon\TicariOtomasyon\out\AdminLTE-3.0.4\plugins\select2\js\i18n\is.js
C:\Users\bthne\source\repos\TicariOtomasyon\TicariOtomasyon\out\AdminLTE-3.0.4\plugins\select2\js\i18n\it.js
C:\Users\bthne\source\repos\TicariOtomasyon\TicariOtomasyon\out\AdminLTE-3.0.4\plugins\select2\js\i18n\ja.js
C:\Users\bthne\source\repos\TicariOtomasyon\TicariOtomasyon\out\AdminLTE-3.0.4\plugins\select2\js\i18n\ka.js
C:\Users\bthne\source\repos\TicariOtomasyon\TicariOtomasyon\out\AdminLTE-3.0.4\plugins\select2\js\i18n\km.js
C:\Users\bthne\source\repos\TicariOtomasyon\TicariOtomasyon\out\AdminLTE-3.0.4\plugins\select2\js\i18n\ko.js
C:\Users\bthne\source\repos\TicariOtomasyon\TicariOtomasyon\out\AdminLTE-3.0.4\plugins\select2\js\i18n\lt.js
C:\Users\bthne\source\repos\TicariOtomasyon\TicariOtomasyon\out\AdminLTE-3.0.4\plugins\select2\js\i18n\lv.js
C:\Users\bthne\source\repos\TicariOtomasyon\TicariOtomasyon\out\AdminLTE-3.0.4\plugins\select2\js\i18n\mk.js
C:\Users\bthne\source\repos\TicariOtomasyon\TicariOtomasyon\out\AdminLTE-3.0.4\plugins\select2\js\i18n\ms.js
C:\Users\bthne\source\repos\TicariOtomasyon\TicariOtomasyon\out\AdminLTE-3.0.4\plugins\select2\js\i18n\nb.js
C:\Users\bthne\source\repos\TicariOtomasyon\TicariOtomasyon\out\AdminLTE-3.0.4\plugins\select2\js\i18n\ne.js
C:\Users\bthne\source\repos\TicariOtomasyon\TicariOtomasyon\out\AdminLTE-3.0.4\plugins\select2\js\i18n\nl.js
C:\Users\bthne\source\repos\TicariOtomasyon\TicariOtomasyon\out\AdminLTE-3.0.4\plugins\select2\js\i18n\pl.js
C:\Users\bthne\source\repos\TicariOtomasyon\TicariOtomasyon\out\AdminLTE-3.0.4\plugins\select2\js\i18n\ps.js
C:\Users\bthne\source\repos\TicariOtomasyon\TicariOtomasyon\out\AdminLTE-3.0.4\plugins\select2\js\i18n\pt-BR.js
C:\Users\bthne\source\repos\TicariOtomasyon\TicariOtomasyon\out\AdminLTE-3.0.4\plugins\select2\js\i18n\pt.js
C:\Users\bthne\source\repos\TicariOtomasyon\TicariOtomasyon\out\AdminLTE-3.0.4\plugins\select2\js\i18n\ro.js
C:\Users\bthne\source\repos\TicariOtomasyon\TicariOtomasyon\out\AdminLTE-3.0.4\plugins\select2\js\i18n\ru.js
C:\Users\bthne\source\repos\TicariOtomasyon\TicariOtomasyon\out\AdminLTE-3.0.4\plugins\select2\js\i18n\sk.js
C:\Users\bthne\source\repos\TicariOtomasyon\TicariOtomasyon\out\AdminLTE-3.0.4\plugins\select2\js\i18n\sl.js
C:\Users\bthne\source\repos\TicariOtomasyon\TicariOtomasyon\out\AdminLTE-3.0.4\plugins\select2\js\i18n\sq.js
C:\Users\bthne\source\repos\TicariOtomasyon\TicariOtomasyon\out\AdminLTE-3.0.4\plugins\select2\js\i18n\sr-Cyrl.js
C:\Users\bthne\source\repos\TicariOtomasyon\TicariOtomasyon\out\AdminLTE-3.0.4\plugins\select2\js\i18n\sr.js
C:\Users\bthne\source\repos\TicariOtomasyon\TicariOtomasyon\out\AdminLTE-3.0.4\plugins\select2\js\i18n\sv.js
C:\Users\bthne\source\repos\TicariOtomasyon\TicariOtomasyon\out\AdminLTE-3.0.4\plugins\select2\js\i18n\th.js
C:\Users\bthne\source\repos\TicariOtomasyon\TicariOtomasyon\out\AdminLTE-3.0.4\plugins\select2\js\i18n\tk.js
C:\Users\bthne\source\repos\TicariOtomasyon\TicariOtomasyon\out\AdminLTE-3.0.4\plugins\select2\js\i18n\tr.js
C:\Users\bthne\source\repos\TicariOtomasyon\TicariOtomasyon\out\AdminLTE-3.0.4\plugins\select2\js\i18n\uk.js
C:\Users\bthne\source\repos\TicariOtomasyon\TicariOtomasyon\out\AdminLTE-3.0.4\plugins\select2\js\i18n\vi.js
C:\Users\bthne\source\repos\TicariOtomasyon\TicariOtomasyon\out\AdminLTE-3.0.4\plugins\select2\js\i18n\zh-CN.js
C:\Users\bthne\source\repos\TicariOtomasyon\TicariOtomasyon\out\AdminLTE-3.0.4\plugins\select2\js\i18n\zh-TW.js
C:\Users\bthne\source\repos\TicariOtomasyon\TicariOtomasyon\out\AdminLTE-3.0.4\plugins\sparklines\sparkline.js
C:\Users\bthne\source\repos\TicariOtomasyon\TicariOtomasyon\out\AdminLTE-3.0.4\plugins\summernote\summernote-bs4.js
C:\Users\bthne\source\repos\TicariOtomasyon\TicariOtomasyon\out\AdminLTE-3.0.4\plugins\summernote\summernote-lite.js
C:\Users\bthne\source\repos\TicariOtomasyon\TicariOtomasyon\out\AdminLTE-3.0.4\plugins\summernote\summernote.js
C:\Users\bthne\source\repos\TicariOtomasyon\TicariOtomasyon\out\AdminLTE-3.0.4\plugins\summernote\lang\summernote-ar-AR.js
C:\Users\bthne\source\repos\TicariOtomasyon\TicariOtomasyon\out\AdminLTE-3.0.4\plugins\summernote\lang\summernote-az-AZ.js
C:\Users\bthne\source\repos\TicariOtomasyon\TicariOtomasyon\out\AdminLTE-3.0.4\plugins\summernote\lang\summernote-bg-BG.js
C:\Users\bthne\source\repos\TicariOtomasyon\TicariOtomasyon\out\AdminLTE-3.0.4\plugins\summernote\lang\summernote-ca-ES.js
C:\Users\bthne\source\repos\TicariOtomasyon\TicariOtomasyon\out\AdminLTE-3.0.4\plugins\summernote\lang\summernote-cs-CZ.js
C:\Users\bthne\source\repos\TicariOtomasyon\TicariOtomasyon\out\AdminLTE-3.0.4\plugins\summernote\lang\summernote-da-DK.js
C:\Users\bthne\source\repos\TicariOtomasyon\TicariOtomasyon\out\AdminLTE-3.0.4\plugins\summernote\lang\summernote-de-DE.js
C:\Users\bthne\source\repos\TicariOtomasyon\TicariOtomasyon\out\AdminLTE-3.0.4\plugins\summernote\lang\summernote-el-GR.js
C:\Users\bthne\source\repos\TicariOtomasyon\TicariOtomasyon\out\AdminLTE-3.0.4\plugins\summernote\lang\summernote-es-ES.js
C:\Users\bthne\source\repos\TicariOtomasyon\TicariOtomasyon\out\AdminLTE-3.0.4\plugins\summernote\lang\summernote-es-EU.js
C:\Users\bthne\source\repos\TicariOtomasyon\TicariOtomasyon\out\AdminLTE-3.0.4\plugins\summernote\lang\summernote-fa-IR.js
C:\Users\bthne\source\repos\TicariOtomasyon\TicariOtomasyon\out\AdminLTE-3.0.4\plugins\summernote\lang\summernote-fi-FI.js
C:\Users\bthne\source\repos\TicariOtomasyon\TicariOtomasyon\out\AdminLTE-3.0.4\plugins\summernote\lang\summernote-fr-FR.js
C:\Users\bthne\source\repos\TicariOtomasyon\TicariOtomasyon\out\AdminLTE-3.0.4\plugins\summernote\lang\summernote-gl-ES.js
C:\Users\bthne\source\repos\TicariOtomasyon\TicariOtomasyon\out\AdminLTE-3.0.4\plugins\summernote\lang\summernote-he-IL.js
C:\Users\bthne\source\repos\TicariOtomasyon\TicariOtomasyon\out\AdminLTE-3.0.4\plugins\summernote\lang\summernote-hr-HR.js
C:\Users\bthne\source\repos\TicariOtomasyon\TicariOtomasyon\out\AdminLTE-3.0.4\plugins\summernote\lang\summernote-hu-HU.js
C:\Users\bthne\source\repos\TicariOtomasyon\TicariOtomasyon\out\AdminLTE-3.0.4\plugins\summernote\lang\summernote-id-ID.js
C:\Users\bthne\source\repos\TicariOtomasyon\TicariOtomasyon\out\AdminLTE-3.0.4\plugins\summernote\lang\summernote-it-IT.js
C:\Users\bthne\source\repos\TicariOtomasyon\TicariOtomasyon\out\AdminLTE-3.0.4\plugins\summernote\lang\summernote-ja-JP.js
C:\Users\bthne\source\repos\TicariOtomasyon\TicariOtomasyon\out\AdminLTE-3.0.4\plugins\summernote\lang\summernote-ko-KR.js
C:\Users\bthne\source\repos\TicariOtomasyon\TicariOtomasyon\out\AdminLTE-3.0.4\plugins\summernote\lang\summernote-lt-LT.js
C:\Users\bthne\source\repos\TicariOtomasyon\TicariOtomasyon\out\AdminLTE-3.0.4\plugins\summernote\lang\summernote-lt-LV.js
C:\Users\bthne\source\repos\TicariOtomasyon\TicariOtomasyon\out\AdminLTE-3.0.4\plugins\summernote\lang\summernote-mn-MN.js
C:\Users\bthne\source\repos\TicariOtomasyon\TicariOtomasyon\out\AdminLTE-3.0.4\plugins\summernote\lang\summernote-nb-NO.js
C:\Users\bthne\source\repos\TicariOtomasyon\TicariOtomasyon\out\AdminLTE-3.0.4\plugins\summernote\lang\summernote-nl-NL.js
C:\Users\bthne\source\repos\TicariOtomasyon\TicariOtomasyon\out\AdminLTE-3.0.4\plugins\summernote\lang\summernote-pl-PL.js
C:\Users\bthne\source\repos\TicariOtomasyon\TicariOtomasyon\out\AdminLTE-3.0.4\plugins\summernote\lang\summernote-pt-BR.js
C:\Users\bthne\source\repos\TicariOtomasyon\TicariOtomasyon\out\AdminLTE-3.0.4\plugins\summernote\lang\summernote-pt-PT.js
C:\Users\bthne\source\repos\TicariOtomasyon\TicariOtomasyon\out\AdminLTE-3.0.4\plugins\summernote\lang\summernote-ro-RO.js
C:\Users\bthne\source\repos\TicariOtomasyon\TicariOtomasyon\out\AdminLTE-3.0.4\plugins\summernote\lang\summernote-ru-RU.js
C:\Users\bthne\source\repos\TicariOtomasyon\TicariOtomasyon\out\AdminLTE-3.0.4\plugins\summernote\lang\summernote-sk-SK.js
C:\Users\bthne\source\repos\TicariOtomasyon\TicariOtomasyon\out\AdminLTE-3.0.4\plugins\summernote\lang\summernote-sl-SI.js
C:\Users\bthne\source\repos\TicariOtomasyon\TicariOtomasyon\out\AdminLTE-3.0.4\plugins\summernote\lang\summernote-sr-RS-Latin.js
C:\Users\bthne\source\repos\TicariOtomasyon\TicariOtomasyon\out\AdminLTE-3.0.4\plugins\summernote\lang\summernote-sr-RS.js
C:\Users\bthne\source\repos\TicariOtomasyon\TicariOtomasyon\out\AdminLTE-3.0.4\plugins\summernote\lang\summernote-sv-SE.js
C:\Users\bthne\source\repos\TicariOtomasyon\TicariOtomasyon\out\AdminLTE-3.0.4\plugins\summernote\lang\summernote-ta-IN.js
C:\Users\bthne\source\repos\TicariOtomasyon\TicariOtomasyon\out\AdminLTE-3.0.4\plugins\summernote\lang\summernote-th-TH.js
C:\Users\bthne\source\repos\TicariOtomasyon\TicariOtomasyon\out\AdminLTE-3.0.4\plugins\summernote\lang\summernote-tr-TR.js
C:\Users\bthne\source\repos\TicariOtomasyon\TicariOtomasyon\out\AdminLTE-3.0.4\plugins\summernote\lang\summernote-uk-UA.js
C:\Users\bthne\source\repos\TicariOtomasyon\TicariOtomasyon\out\AdminLTE-3.0.4\plugins\summernote\lang\summernote-uz-UZ.js
C:\Users\bthne\source\repos\TicariOtomasyon\TicariOtomasyon\out\AdminLTE-3.0.4\plugins\summernote\lang\summernote-vi-VN.js
C:\Users\bthne\source\repos\TicariOtomasyon\TicariOtomasyon\out\AdminLTE-3.0.4\plugins\summernote\lang\summernote-zh-CN.js
C:\Users\bthne\source\repos\TicariOtomasyon\TicariOtomasyon\out\AdminLTE-3.0.4\plugins\summernote\lang\summernote-zh-TW.js
C:\Users\bthne\source\repos\TicariOtomasyon\TicariOtomasyon\out\AdminLTE-3.0.4\plugins\summernote\plugin\databasic\summernote-ext-databasic.js
C:\Users\bthne\source\repos\TicariOtomasyon\TicariOtomasyon\out\AdminLTE-3.0.4\plugins\summernote\plugin\hello\summernote-ext-hello.js
C:\Users\bthne\source\repos\TicariOtomasyon\TicariOtomasyon\out\AdminLTE-3.0.4\plugins\summernote\plugin\specialchars\summernote-ext-specialchars.js
C:\Users\bthne\source\repos\TicariOtomasyon\TicariOtomasyon\out\AdminLTE-3.0.4\plugins\sweetalert2\sweetalert2.all.js
C:\Users\bthne\source\repos\TicariOtomasyon\TicariOtomasyon\out\AdminLTE-3.0.4\plugins\sweetalert2\sweetalert2.js
C:\Users\bthne\source\repos\TicariOtomasyon\TicariOtomasyon\out\AdminLTE-3.0.4\plugins\tempusdominus-bootstrap-4\js\tempusdominus-bootstrap-4.js
C:\Users\bthne\source\repos\TicariOtomasyon\TicariOtomasyon\out\Scripts\bootstrap.js
C:\Users\bthne\source\repos\TicariOtomasyon\TicariOtomasyon\out\Scripts\jquery-3.4.1.intellisense.js
C:\Users\bthne\source\repos\TicariOtomasyon\TicariOtomasyon\out\Scripts\jquery-3.4.1.js
C:\Users\bthne\source\repos\TicariOtomasyon\TicariOtomasyon\out\Scripts\jquery-3.4.1.slim.js
C:\Users\bthne\source\repos\TicariOtomasyon\TicariOtomasyon\out\Scripts\jquery.validate-vsdoc.js
C:\Users\bthne\source\repos\TicariOtomasyon\TicariOtomasyon\out\Scripts\jquery.validate.js
C:\Users\bthne\source\repos\TicariOtomasyon\TicariOtomasyon\out\Scripts\jquery.validate.unobtrusive.js
C:\Users\bthne\source\repos\TicariOtomasyon\TicariOtomasyon\out\Scripts\modernizr-2.8.3.js
C:\Users\bthne\source\repos\TicariOtomasyon\TicariOtomasyon\out\Scripts\DataTables\autoFill.bootstrap.js
C:\Users\bthne\source\repos\TicariOtomasyon\TicariOtomasyon\out\Scripts\DataTables\autoFill.bootstrap4.js
C:\Users\bthne\source\repos\TicariOtomasyon\TicariOtomasyon\out\Scripts\DataTables\autoFill.foundation.js
C:\Users\bthne\source\repos\TicariOtomasyon\TicariOtomasyon\out\Scripts\DataTables\autoFill.jqueryui.js
C:\Users\bthne\source\repos\TicariOtomasyon\TicariOtomasyon\out\Scripts\DataTables\autoFill.semanticui.js
C:\Users\bthne\source\repos\TicariOtomasyon\TicariOtomasyon\out\Scripts\DataTables\buttons.bootstrap.js
C:\Users\bthne\source\repos\TicariOtomasyon\TicariOtomasyon\out\Scripts\DataTables\buttons.bootstrap4.js
C:\Users\bthne\source\repos\TicariOtomasyon\TicariOtomasyon\out\Scripts\DataTables\buttons.colVis.js
C:\Users\bthne\source\repos\TicariOtomasyon\TicariOtomasyon\out\Scripts\DataTables\buttons.flash.js
C:\Users\bthne\source\repos\TicariOtomasyon\TicariOtomasyon\out\Scripts\DataTables\buttons.foundation.js
C:\Users\bthne\source\repos\TicariOtomasyon\TicariOtomasyon\out\Scripts\DataTables\buttons.html5.js
C:\Users\bthne\source\repos\TicariOtomasyon\TicariOtomasyon\out\Scripts\DataTables\buttons.jqueryui.js
C:\Users\bthne\source\repos\TicariOtomasyon\TicariOtomasyon\out\Scripts\DataTables\buttons.print.js
C:\Users\bthne\source\repos\TicariOtomasyon\TicariOtomasyon\out\Scripts\DataTables\buttons.semanticui.js
C:\Users\bthne\source\repos\TicariOtomasyon\TicariOtomasyon\out\Scripts\DataTables\dataTables.autoFill.js
C:\Users\bthne\source\repos\TicariOtomasyon\TicariOtomasyon\out\Scripts\DataTables\dataTables.bootstrap.js
C:\Users\bthne\source\repos\TicariOtomasyon\TicariOtomasyon\out\Scripts\DataTables\dataTables.bootstrap4.js
C:\Users\bthne\source\repos\TicariOtomasyon\TicariOtomasyon\out\Scripts\DataTables\dataTables.buttons.js
C:\Users\bthne\source\repos\TicariOtomasyon\TicariOtomasyon\out\Scripts\DataTables\dataTables.colReorder.js
C:\Users\bthne\source\repos\TicariOtomasyon\TicariOtomasyon\out\Scripts\DataTables\dataTables.fixedColumns.js
C:\Users\bthne\source\repos\TicariOtomasyon\TicariOtomasyon\out\Scripts\DataTables\dataTables.fixedHeader.js
C:\Users\bthne\source\repos\TicariOtomasyon\TicariOtomasyon\out\Scripts\DataTables\dataTables.foundation.js
C:\Users\bthne\source\repos\TicariOtomasyon\TicariOtomasyon\out\Scripts\DataTables\dataTables.jqueryui.js
C:\Users\bthne\source\repos\TicariOtomasyon\TicariOtomasyon\out\Scripts\DataTables\dataTables.keyTable.js
C:\Users\bthne\source\repos\TicariOtomasyon\TicariOtomasyon\out\Scripts\DataTables\dataTables.material.js
C:\Users\bthne\source\repos\TicariOtomasyon\TicariOtomasyon\out\Scripts\DataTables\dataTables.responsive.js
C:\Users\bthne\source\repos\TicariOtomasyon\TicariOtomasyon\out\Scripts\DataTables\dataTables.rowGroup.js
C:\Users\bthne\source\repos\TicariOtomasyon\TicariOtomasyon\out\Scripts\DataTables\dataTables.rowReorder.js
C:\Users\bthne\source\repos\TicariOtomasyon\TicariOtomasyon\out\Scripts\DataTables\dataTables.scroller.js
C:\Users\bthne\source\repos\TicariOtomasyon\TicariOtomasyon\out\Scripts\DataTables\dataTables.select.js
C:\Users\bthne\source\repos\TicariOtomasyon\TicariOtomasyon\out\Scripts\DataTables\dataTables.semanticui.js
C:\Users\bthne\source\repos\TicariOtomasyon\TicariOtomasyon\out\Scripts\DataTables\dataTables.uikit.js
C:\Users\bthne\source\repos\TicariOtomasyon\TicariOtomasyon\out\Scripts\DataTables\jquery.dataTables.js
C:\Users\bthne\source\repos\TicariOtomasyon\TicariOtomasyon\out\Scripts\DataTables\responsive.bootstrap.js
C:\Users\bthne\source\repos\TicariOtomasyon\TicariOtomasyon\out\Scripts\DataTables\responsive.bootstrap4.js
C:\Users\bthne\source\repos\TicariOtomasyon\TicariOtomasyon\out\Scripts\DataTables\responsive.foundation.js
C:\Users\bthne\source\repos\TicariOtomasyon\TicariOtomasyon\out\Scripts\DataTables\responsive.jqueryui.js
C:\Users\bthne\source\repos\TicariOtomasyon\TicariOtomasyon\out\Scripts\DataTables\responsive.semanticui.js
C:\Users\bthne\source\repos\TicariOtomasyon\TicariOtomasyon\out\Web\dist\assets\demo\chart-area-demo.js
C:\Users\bthne\source\repos\TicariOtomasyon\TicariOtomasyon\out\Web\dist\assets\demo\chart-bar-demo.js
C:\Users\bthne\source\repos\TicariOtomasyon\TicariOtomasyon\out\Web\dist\assets\demo\chart-pie-demo.js
C:\Users\bthne\source\repos\TicariOtomasyon\TicariOtomasyon\out\Web\dist\assets\demo\datatables-demo.js
C:\Users\bthne\source\repos\TicariOtomasyon\TicariOtomasyon\out\Web\dist\js\scripts.js
C:\Users\bthne\source\repos\TicariOtomasyon\TicariOtomasyon\out\Web\scripts\render-assets.js
C:\Users\bthne\source\repos\TicariOtomasyon\TicariOtomasyon\out\Web\scripts\build-assets.js
C:\Users\bthne\source\repos\TicariOtomasyon\TicariOtomasyon\out\Web\scripts\render-pug.js
C:\Users\bthne\source\repos\TicariOtomasyon\TicariOtomasyon\out\Web\scripts\build-pug.js
C:\Users\bthne\source\repos\TicariOtomasyon\TicariOtomasyon\out\Web\scripts\render-scripts.js
C:\Users\bthne\source\repos\TicariOtomasyon\TicariOtomasyon\out\Web\scripts\build-scripts.js
C:\Users\bthne\source\repos\TicariOtomasyon\TicariOtomasyon\out\Web\scripts\render-scss.js
C:\Users\bthne\source\repos\TicariOtomasyon\TicariOtomasyon\out\Web\scripts\build-scss.js
C:\Users\bthne\source\repos\TicariOtomasyon\TicariOtomasyon\out\Web\scripts\clean.js
C:\Users\bthne\source\repos\TicariOtomasyon\TicariOtomasyon\out\Web\scripts\sb-watch.js
C:\Users\bthne\source\repos\TicariOtomasyon\TicariOtomasyon\out\Web\scripts\start-debug.js
C:\Users\bthne\source\repos\TicariOtomasyon\TicariOtomasyon\out\Web\scripts\start.js
C:\Users\bthne\source\repos\TicariOtomasyon\TicariOtomasyon\out\Web\src\assets\demo\chart-area-demo.js
C:\Users\bthne\source\repos\TicariOtomasyon\TicariOtomasyon\out\Web\src\assets\demo\chart-bar-demo.js
C:\Users\bthne\source\repos\TicariOtomasyon\TicariOtomasyon\out\Web\src\assets\demo\chart-pie-demo.js
C:\Users\bthne\source\repos\TicariOtomasyon\TicariOtomasyon\out\Web\src\assets\demo\datatables-demo.js
C:\Users\bthne\source\repos\TicariOtomasyon\TicariOtomasyon\out\Web\src\js\scripts.js
C:\Users\bthne\source\repos\TicariOtomasyon\TicariOtomasyon\out\thumber\fonts\icomoon\demo-files\demo.js
C:\Users\bthne\source\repos\TicariOtomasyon\TicariOtomasyon\out\thumber\js\aos.js
C:\Users\bthne\source\repos\TicariOtomasyon\TicariOtomasyon\out\thumber\js\jquery-ui.js
C:\Users\bthne\source\repos\TicariOtomasyon\TicariOtomasyon\out\thumber\js\jquery.scrollbar.js
C:\Users\bthne\source\repos\TicariOtomasyon\TicariOtomasyon\out\thumber\js\main.js
C:\Users\bthne\source\repos\TicariOtomasyon\TicariOtomasyon\out\thumber\js\typed.js
C:\Users\bthne\source\repos\TicariOtomasyon\TicariOtomasyon\out\web2\js\Chart1.js
C:\Users\bthne\source\repos\TicariOtomasyon\TicariOtomasyon\out\web2\js\clndr.js
C:\Users\bthne\source\repos\TicariOtomasyon\TicariOtomasyon\out\web2\js\easyResponsiveTabs.js
C:\Users\bthne\source\repos\TicariOtomasyon\TicariOtomasyon\out\web2\js\jquery.easydropdown.js
C:\Users\bthne\source\repos\TicariOtomasyon\TicariOtomasyon\out\web2\js\jquery.nicescroll.js
C:\Users\bthne\source\repos\TicariOtomasyon\TicariOtomasyon\out\web2\js\jquery.vmap.js
C:\Users\bthne\source\repos\TicariOtomasyon\TicariOtomasyon\out\web2\js\jquery.vmap.sampledata.js
C:\Users\bthne\source\repos\TicariOtomasyon\TicariOtomasyon\out\web2\js\jquery.vmap.world.js
C:\Users\bthne\source\repos\TicariOtomasyon\TicariOtomasyon\out\web2\js\main.js
C:\Users\bthne\source\repos\TicariOtomasyon\TicariOtomasyon\out\web2\js\moment-2.2.1.js
C:\Users\bthne\source\repos\TicariOtomasyon\TicariOtomasyon\out\web2\js\site.js
C:\Users\bthne\source\repos\TicariOtomasyon\TicariOtomasyon\out\web2\js\underscore-min.js
C:\Users\bthne\source\repos\TicariOtomasyon\TicariOtomasyon\out\weblogin\js\jquery.magnific-popup.js
C:\Users\bthne\source\repos\TicariOtomasyon\TicariOtomasyon\out\webpanel\gulpfile.js
C:\Users\bthne\source\repos\TicariOtomasyon\TicariOtomasyon\out\webpanel\vendor\bootstrap\js\bootstrap.bundle.js
C:\Users\bthne\source\repos\TicariOtomasyon\TicariOtomasyon\out\webpanel\vendor\bootstrap\js\bootstrap.js
C:\Users\bthne\source\repos\TicariOtomasyon\TicariOtomasyon\out\webpanel\vendor\jquery\jquery.js
C:\Users\bthne\source\repos\TicariOtomasyon\TicariOtomasyon\out\webpanel\vendor\jquery\jquery.slim.js
